{"C:\\Users\\Rodrigo\\source\\repos\\ControleGastos\\ControleGastos\\web\\src\\hooks\\usePagination.ts": {"path":"C:\\Users\\Rodrigo\\source\\repos\\ControleGastos\\ControleGastos\\web\\src\\hooks\\usePagination.ts","statementMap":{"0":{"start":{"line":5,"column":22},"end":{"line":5,"column":51}},"1":{"start":{"line":8,"column":21},"end":{"line":8,"column":59}},"2":{"start":{"line":9,"column":26},"end":{"line":9,"column":null}},"3":{"start":{"line":10,"column":27},"end":{"line":10,"column":null}},"4":{"start":{"line":11,"column":23},"end":{"line":11,"column":69}},"5":{"start":{"line":13,"column":8},"end":{"line":14,"column":60}},"6":{"start":{"line":14,"column":4},"end":{"line":14,"column":60}},"7":{"start":{"line":14,"column":29},"end":{"line":14,"column":59}},"8":{"start":{"line":15,"column":8},"end":{"line":15,"column":72}},"9":{"start":{"line":15,"column":25},"end":{"line":15,"column":72}},"10":{"start":{"line":15,"column":50},"end":{"line":15,"column":71}},"11":{"start":{"line":16,"column":8},"end":{"line":16,"column":39}},"12":{"start":{"line":16,"column":22},"end":{"line":16,"column":39}},"13":{"start":{"line":18,"column":2},"end":{"line":26,"column":null}}},"fnMap":{"0":{"name":"usePagination","decl":{"start":{"line":4,"column":16},"end":{"line":4,"column":33}},"loc":{"start":{"line":4,"column":72},"end":{"line":26,"column":null}},"line":4},"1":{"name":"(anonymous_1)","decl":{"start":{"line":13,"column":8},"end":{"line":13,"column":null}},"loc":{"start":{"line":14,"column":4},"end":{"line":14,"column":60}},"line":14},"2":{"name":"(anonymous_2)","decl":{"start":{"line":14,"column":4},"end":{"line":14,"column":20}},"loc":{"start":{"line":14,"column":29},"end":{"line":14,"column":59}},"line":14},"3":{"name":"(anonymous_3)","decl":{"start":{"line":15,"column":8},"end":{"line":15,"column":25}},"loc":{"start":{"line":15,"column":25},"end":{"line":15,"column":72}},"line":15},"4":{"name":"(anonymous_4)","decl":{"start":{"line":15,"column":25},"end":{"line":15,"column":41}},"loc":{"start":{"line":15,"column":50},"end":{"line":15,"column":71}},"line":15},"5":{"name":"(anonymous_5)","decl":{"start":{"line":16,"column":8},"end":{"line":16,"column":22}},"loc":{"start":{"line":16,"column":22},"end":{"line":16,"column":39}},"line":16}},"branchMap":{"0":{"loc":{"start":{"line":4,"column":45},"end":{"line":4,"column":72}},"type":"default-arg","locations":[{"start":{"line":4,"column":68},"end":{"line":4,"column":72}}],"line":4}},"s":{"0":167,"1":167,"2":167,"3":167,"4":167,"5":167,"6":7,"7":7,"8":167,"9":2,"10":2,"11":167,"12":1,"13":167},"f":{"0":167,"1":7,"2":7,"3":2,"4":2,"5":1},"b":{"0":[167]},"meta":{"lastBranch":1,"lastFunction":6,"lastStatement":14,"seen":{"f:4:16:4:33":0,"b:4:68:4:72":0,"s:5:22:5:51":0,"s:8:21:8:59":1,"s:9:26:9:Infinity":2,"s:10:27:10:Infinity":3,"s:11:23:11:69":4,"s:13:8:14:60":5,"f:13:8:13:Infinity":1,"s:14:4:14:60":6,"f:14:4:14:20":2,"s:14:29:14:59":7,"s:15:8:15:72":8,"f:15:8:15:25":3,"s:15:25:15:72":9,"f:15:25:15:41":4,"s:15:50:15:71":10,"s:16:8:16:39":11,"f:16:8:16:22":5,"s:16:22:16:39":12,"s:18:2:26:Infinity":13}}}
,"C:\\Users\\Rodrigo\\source\\repos\\ControleGastos\\ControleGastos\\web\\src\\pages\\Categorias.tsx": {"path":"C:\\Users\\Rodrigo\\source\\repos\\ControleGastos\\ControleGastos\\web\\src\\pages\\Categorias.tsx","statementMap":{"0":{"start":{"line":14,"column":21},"end":{"line":14,"column":63}},"1":{"start":{"line":15,"column":20},"end":{"line":15,"column":48}},"2":{"start":{"line":16,"column":21},"end":{"line":16,"column":57}},"3":{"start":{"line":17,"column":21},"end":{"line":17,"column":52}},"4":{"start":{"line":18,"column":21},"end":{"line":18,"column":67}},"5":{"start":{"line":20,"column":8},"end":{"line":20,"column":32}},"6":{"start":{"line":22,"column":59},"end":{"line":23,"column":33}},"7":{"start":{"line":26,"column":2},"end":{"line":28,"column":null}},"8":{"start":{"line":27,"column":4},"end":{"line":27,"column":null}},"9":{"start":{"line":32,"column":4},"end":{"line":39,"column":null}},"10":{"start":{"line":33,"column":6},"end":{"line":33,"column":null}},"11":{"start":{"line":34,"column":18},"end":{"line":34,"column":46}},"12":{"start":{"line":35,"column":6},"end":{"line":35,"column":null}},"13":{"start":{"line":37,"column":6},"end":{"line":37,"column":null}},"14":{"start":{"line":39,"column":6},"end":{"line":39,"column":null}},"15":{"start":{"line":45,"column":4},"end":{"line":45,"column":null}},"16":{"start":{"line":46,"column":4},"end":{"line":46,"column":null}},"17":{"start":{"line":47,"column":4},"end":{"line":47,"column":null}},"18":{"start":{"line":49,"column":16},"end":{"line":49,"column":38}},"19":{"start":{"line":50,"column":4},"end":{"line":50,"column":null}},"20":{"start":{"line":52,"column":4},"end":{"line":52,"column":null}},"21":{"start":{"line":57,"column":4},"end":{"line":57,"column":null}},"22":{"start":{"line":58,"column":4},"end":{"line":58,"column":null}},"23":{"start":{"line":59,"column":4},"end":{"line":59,"column":null}},"24":{"start":{"line":64,"column":4},"end":{"line":64,"column":null}},"25":{"start":{"line":65,"column":4},"end":{"line":65,"column":null}},"26":{"start":{"line":65,"column":27},"end":{"line":65,"column":null}},"27":{"start":{"line":68,"column":6},"end":{"line":68,"column":null}},"28":{"start":{"line":70,"column":4},"end":{"line":91,"column":null}},"29":{"start":{"line":71,"column":22},"end":{"line":71,"column":null}},"30":{"start":{"line":73,"column":6},"end":{"line":81,"column":null}},"31":{"start":{"line":74,"column":8},"end":{"line":77,"column":null}},"32":{"start":{"line":78,"column":8},"end":{"line":78,"column":null}},"33":{"start":{"line":80,"column":8},"end":{"line":80,"column":null}},"34":{"start":{"line":81,"column":8},"end":{"line":81,"column":null}},"35":{"start":{"line":84,"column":6},"end":{"line":84,"column":null}},"36":{"start":{"line":85,"column":6},"end":{"line":85,"column":null}},"37":{"start":{"line":88,"column":8},"end":{"line":90,"column":null}},"38":{"start":{"line":91,"column":6},"end":{"line":91,"column":null}},"39":{"start":{"line":95,"column":2},"end":{"line":249,"column":null}},"40":{"start":{"line":127,"column":29},"end":{"line":127,"column":57}},"41":{"start":{"line":144,"column":29},"end":{"line":144,"column":58}},"42":{"start":{"line":179,"column":26},"end":{"line":179,"column":48}},"43":{"start":{"line":180,"column":14},"end":{"line":220,"column":null}},"44":{"start":{"line":183,"column":33},"end":{"line":183,"column":76}},"45":{"start":{"line":211,"column":38},"end":{"line":211,"column":60}}},"fnMap":{"0":{"name":"Categorias","decl":{"start":{"line":13,"column":16},"end":{"line":13,"column":29}},"loc":{"start":{"line":13,"column":29},"end":{"line":249,"column":null}},"line":13},"1":{"name":"(anonymous_1)","decl":{"start":{"line":26,"column":2},"end":{"line":26,"column":18}},"loc":{"start":{"line":26,"column":18},"end":{"line":28,"column":7}},"line":26},"2":{"name":"carregarCategorias","decl":{"start":{"line":31,"column":17},"end":{"line":31,"column":38}},"loc":{"start":{"line":31,"column":38},"end":{"line":39,"column":null}},"line":31},"3":{"name":"prepararEdicao","decl":{"start":{"line":44,"column":11},"end":{"line":44,"column":26}},"loc":{"start":{"line":44,"column":63},"end":{"line":52,"column":null}},"line":44},"4":{"name":"cancelarEdicao","decl":{"start":{"line":56,"column":11},"end":{"line":56,"column":28}},"loc":{"start":{"line":56,"column":28},"end":{"line":59,"column":null}},"line":56},"5":{"name":"salvar","decl":{"start":{"line":63,"column":17},"end":{"line":63,"column":24}},"loc":{"start":{"line":63,"column":44},"end":{"line":91,"column":null}},"line":63},"6":{"name":"(anonymous_6)","decl":{"start":{"line":127,"column":12},"end":{"line":127,"column":23}},"loc":{"start":{"line":127,"column":29},"end":{"line":127,"column":57}},"line":127},"7":{"name":"(anonymous_7)","decl":{"start":{"line":144,"column":12},"end":{"line":144,"column":23}},"loc":{"start":{"line":144,"column":29},"end":{"line":144,"column":58}},"line":144},"8":{"name":"(anonymous_8)","decl":{"start":{"line":178,"column":26},"end":{"line":178,"column":31}},"loc":{"start":{"line":178,"column":39},"end":{"line":220,"column":null}},"line":178},"9":{"name":"(anonymous_9)","decl":{"start":{"line":183,"column":18},"end":{"line":183,"column":33}},"loc":{"start":{"line":183,"column":33},"end":{"line":183,"column":76}},"line":183},"10":{"name":"(anonymous_10)","decl":{"start":{"line":211,"column":22},"end":{"line":211,"column":32}},"loc":{"start":{"line":211,"column":38},"end":{"line":211,"column":60}},"line":211}},"branchMap":{"0":{"loc":{"start":{"line":35,"column":20},"end":{"line":35,"column":59}},"type":"cond-expr","locations":[{"start":{"line":35,"column":46},"end":{"line":35,"column":57}},{"start":{"line":35,"column":57},"end":{"line":35,"column":59}}],"line":35},"1":{"loc":{"start":{"line":50,"column":18},"end":{"line":50,"column":74}},"type":"cond-expr","locations":[{"start":{"line":50,"column":30},"end":{"line":50,"column":42}},{"start":{"line":50,"column":42},"end":{"line":50,"column":74}}],"line":50},"2":{"loc":{"start":{"line":50,"column":42},"end":{"line":50,"column":74}},"type":"cond-expr","locations":[{"start":{"line":50,"column":54},"end":{"line":50,"column":64}},{"start":{"line":50,"column":64},"end":{"line":50,"column":74}}],"line":50},"3":{"loc":{"start":{"line":65,"column":4},"end":{"line":65,"column":null}},"type":"if","locations":[{"start":{"line":65,"column":4},"end":{"line":65,"column":null}},{"start":{},"end":{}}],"line":65},"4":{"loc":{"start":{"line":68,"column":6},"end":{"line":68,"column":null}},"type":"cond-expr","locations":[{"start":{"line":68,"column":33},"end":{"line":68,"column":37}},{"start":{"line":68,"column":37},"end":{"line":68,"column":null}}],"line":68},"5":{"loc":{"start":{"line":68,"column":37},"end":{"line":68,"column":null}},"type":"cond-expr","locations":[{"start":{"line":68,"column":62},"end":{"line":68,"column":66}},{"start":{"line":68,"column":66},"end":{"line":68,"column":null}}],"line":68},"6":{"loc":{"start":{"line":73,"column":6},"end":{"line":81,"column":null}},"type":"if","locations":[{"start":{"line":73,"column":6},"end":{"line":81,"column":null}},{"start":{"line":79,"column":13},"end":{"line":81,"column":null}}],"line":73},"7":{"loc":{"start":{"line":88,"column":8},"end":{"line":90,"column":null}},"type":"binary-expr","locations":[{"start":{"line":88,"column":8},"end":{"line":88,"column":null}},{"start":{"line":89,"column":8},"end":{"line":89,"column":null}},{"start":{"line":90,"column":8},"end":{"line":90,"column":null}}],"line":88},"8":{"loc":{"start":{"line":100,"column":13},"end":{"line":100,"column":null}},"type":"cond-expr","locations":[{"start":{"line":100,"column":26},"end":{"line":100,"column":49}},{"start":{"line":100,"column":49},"end":{"line":100,"column":null}}],"line":100},"9":{"loc":{"start":{"line":114,"column":81},"end":{"line":114,"column":136}},"type":"cond-expr","locations":[{"start":{"line":114,"column":94},"end":{"line":114,"column":115}},{"start":{"line":114,"column":115},"end":{"line":114,"column":136}}],"line":114},"10":{"loc":{"start":{"line":153,"column":11},"end":{"line":162,"column":11}},"type":"binary-expr","locations":[{"start":{"line":153,"column":11},"end":{"line":153,"column":null}},{"start":{"line":154,"column":12},"end":{"line":162,"column":11}}],"line":153},"11":{"loc":{"start":{"line":163,"column":26},"end":{"line":163,"column":111}},"type":"cond-expr","locations":[{"start":{"line":163,"column":39},"end":{"line":163,"column":77}},{"start":{"line":163,"column":77},"end":{"line":163,"column":111}}],"line":163},"12":{"loc":{"start":{"line":165,"column":13},"end":{"line":165,"column":null}},"type":"cond-expr","locations":[{"start":{"line":165,"column":26},"end":{"line":165,"column":37}},{"start":{"line":165,"column":37},"end":{"line":165,"column":null}}],"line":165},"13":{"loc":{"start":{"line":170,"column":7},"end":{"line":249,"column":null}},"type":"cond-expr","locations":[{"start":{"line":171,"column":8},"end":{"line":175,"column":null}},{"start":{"line":175,"column":8},"end":{"line":249,"column":null}}],"line":170},"14":{"loc":{"start":{"line":184,"column":149},"end":{"line":184,"column":null}},"type":"cond-expr","locations":[{"start":{"line":184,"column":173},"end":{"line":184,"column":207}},{"start":{"line":184,"column":207},"end":{"line":184,"column":null}}],"line":184},"15":{"loc":{"start":{"line":193,"column":26},"end":{"line":197,"column":null}},"type":"cond-expr","locations":[{"start":{"line":194,"column":30},"end":{"line":194,"column":null}},{"start":{"line":195,"column":30},"end":{"line":197,"column":null}}],"line":193},"16":{"loc":{"start":{"line":195,"column":30},"end":{"line":197,"column":null}},"type":"cond-expr","locations":[{"start":{"line":196,"column":32},"end":{"line":196,"column":null}},{"start":{"line":197,"column":32},"end":{"line":197,"column":null}}],"line":195},"17":{"loc":{"start":{"line":201,"column":25},"end":{"line":205,"column":null}},"type":"cond-expr","locations":[{"start":{"line":202,"column":28},"end":{"line":202,"column":null}},{"start":{"line":203,"column":28},"end":{"line":205,"column":null}}],"line":201},"18":{"loc":{"start":{"line":203,"column":28},"end":{"line":205,"column":null}},"type":"cond-expr","locations":[{"start":{"line":204,"column":30},"end":{"line":204,"column":null}},{"start":{"line":205,"column":30},"end":{"line":205,"column":null}}],"line":203},"19":{"loc":{"start":{"line":226,"column":11},"end":{"line":249,"column":null}},"type":"binary-expr","locations":[{"start":{"line":226,"column":11},"end":{"line":226,"column":null}},{"start":{"line":227,"column":12},"end":{"line":249,"column":null}}],"line":226}},"s":{"0":28,"1":28,"2":28,"3":28,"4":28,"5":28,"6":28,"7":28,"8":6,"9":7,"10":7,"11":7,"12":7,"13":0,"14":7,"15":1,"16":1,"17":1,"18":1,"19":1,"20":1,"21":1,"22":1,"23":1,"24":2,"25":2,"26":1,"27":1,"28":2,"29":2,"30":2,"31":0,"32":0,"33":1,"34":1,"35":1,"36":1,"37":0,"38":0,"39":28,"40":14,"41":1,"42":5,"43":5,"44":1,"45":1},"f":{"0":28,"1":6,"2":7,"3":1,"4":1,"5":2,"6":14,"7":1,"8":5,"9":1,"10":1},"b":{"0":[7,0],"1":[0,1],"2":[1,0],"3":[1,1],"4":[0,1],"5":[0,1],"6":[0,1],"7":[0,0,0],"8":[1,27],"9":[1,27],"10":[28,1],"11":[1,27],"12":[1,27],"13":[6,22],"14":[1,4],"15":[1,4],"16":[2,2],"17":[1,4],"18":[2,2],"19":[22,0]},"meta":{"lastBranch":20,"lastFunction":11,"lastStatement":46,"seen":{"f:13:16:13:29":0,"s:14:21:14:63":0,"s:15:20:15:48":1,"s:16:21:16:57":2,"s:17:21:17:52":3,"s:18:21:18:67":4,"s:20:8:20:32":5,"s:22:59:23:33":6,"s:26:2:28:Infinity":7,"f:26:2:26:18":1,"s:27:4:27:Infinity":8,"f:31:17:31:38":2,"s:32:4:39:Infinity":9,"s:33:6:33:Infinity":10,"s:34:18:34:46":11,"s:35:6:35:Infinity":12,"b:35:46:35:57:35:57:35:59":0,"s:37:6:37:Infinity":13,"s:39:6:39:Infinity":14,"f:44:11:44:26":3,"s:45:4:45:Infinity":15,"s:46:4:46:Infinity":16,"s:47:4:47:Infinity":17,"s:49:16:49:38":18,"s:50:4:50:Infinity":19,"b:50:30:50:42:50:42:50:74":1,"b:50:54:50:64:50:64:50:74":2,"s:52:4:52:Infinity":20,"f:56:11:56:28":4,"s:57:4:57:Infinity":21,"s:58:4:58:Infinity":22,"s:59:4:59:Infinity":23,"f:63:17:63:24":5,"s:64:4:64:Infinity":24,"b:65:4:65:Infinity:undefined:undefined:undefined:undefined":3,"s:65:4:65:Infinity":25,"s:65:27:65:Infinity":26,"s:68:6:68:Infinity":27,"b:68:33:68:37:68:37:68:Infinity":4,"b:68:62:68:66:68:66:68:Infinity":5,"s:70:4:91:Infinity":28,"s:71:22:71:Infinity":29,"b:73:6:81:Infinity:79:13:81:Infinity":6,"s:73:6:81:Infinity":30,"s:74:8:77:Infinity":31,"s:78:8:78:Infinity":32,"s:80:8:80:Infinity":33,"s:81:8:81:Infinity":34,"s:84:6:84:Infinity":35,"s:85:6:85:Infinity":36,"s:88:8:90:Infinity":37,"b:88:8:88:Infinity:89:8:89:Infinity:90:8:90:Infinity":7,"s:91:6:91:Infinity":38,"s:95:2:249:Infinity":39,"b:100:26:100:49:100:49:100:Infinity":8,"b:114:94:114:115:114:115:114:136":9,"f:127:12:127:23":6,"s:127:29:127:57":40,"f:144:12:144:23":7,"s:144:29:144:58":41,"b:153:11:153:Infinity:154:12:162:11":10,"b:163:39:163:77:163:77:163:111":11,"b:165:26:165:37:165:37:165:Infinity":12,"b:171:8:175:Infinity:175:8:249:Infinity":13,"f:178:26:178:31":8,"s:179:26:179:48":42,"s:180:14:220:Infinity":43,"f:183:18:183:33":9,"s:183:33:183:76":44,"b:184:173:184:207:184:207:184:Infinity":14,"b:194:30:194:Infinity:195:30:197:Infinity":15,"b:196:32:196:Infinity:197:32:197:Infinity":16,"b:202:28:202:Infinity:203:28:205:Infinity":17,"b:204:30:204:Infinity:205:30:205:Infinity":18,"f:211:22:211:32":10,"s:211:38:211:60":45,"b:226:11:226:Infinity:227:12:249:Infinity":19}}}
,"C:\\Users\\Rodrigo\\source\\repos\\ControleGastos\\ControleGastos\\web\\src\\pages\\DetalheCategoria.tsx": {"path":"C:\\Users\\Rodrigo\\source\\repos\\ControleGastos\\ControleGastos\\web\\src\\pages\\DetalheCategoria.tsx","statementMap":{"0":{"start":{"line":8,"column":10},"end":{"line":8,"column":28}},"1":{"start":{"line":9,"column":8},"end":{"line":9,"column":32}},"2":{"start":{"line":10,"column":20},"end":{"line":10,"column":55}},"3":{"start":{"line":11,"column":21},"end":{"line":11,"column":57}},"4":{"start":{"line":14,"column":59},"end":{"line":15,"column":33}},"5":{"start":{"line":18,"column":2},"end":{"line":42,"column":null}},"6":{"start":{"line":20,"column":6},"end":{"line":38,"column":null}},"7":{"start":{"line":21,"column":29},"end":{"line":24,"column":10}},"8":{"start":{"line":26,"column":8},"end":{"line":26,"column":null}},"9":{"start":{"line":29,"column":14},"end":{"line":34,"column":13}},"10":{"start":{"line":30,"column":30},"end":{"line":30,"column":51}},"11":{"start":{"line":31,"column":28},"end":{"line":34,"column":13}},"12":{"start":{"line":36,"column":8},"end":{"line":36,"column":null}},"13":{"start":{"line":38,"column":8},"end":{"line":38,"column":null}},"14":{"start":{"line":41,"column":4},"end":{"line":41,"column":null}},"15":{"start":{"line":45,"column":2},"end":{"line":49,"column":null}},"16":{"start":{"line":46,"column":4},"end":{"line":49,"column":null}},"17":{"start":{"line":53,"column":23},"end":{"line":55,"column":41}},"18":{"start":{"line":54,"column":19},"end":{"line":54,"column":32}},"19":{"start":{"line":55,"column":24},"end":{"line":55,"column":39}},"20":{"start":{"line":56,"column":23},"end":{"line":58,"column":41}},"21":{"start":{"line":57,"column":19},"end":{"line":57,"column":32}},"22":{"start":{"line":58,"column":24},"end":{"line":58,"column":39}},"23":{"start":{"line":59,"column":16},"end":{"line":59,"column":null}},"24":{"start":{"line":61,"column":2},"end":{"line":171,"column":null}},"25":{"start":{"line":64,"column":23},"end":{"line":64,"column":35}},"26":{"start":{"line":123,"column":14},"end":{"line":137,"column":null}}},"fnMap":{"0":{"name":"DetalheCategoria","decl":{"start":{"line":7,"column":16},"end":{"line":7,"column":35}},"loc":{"start":{"line":7,"column":35},"end":{"line":171,"column":null}},"line":7},"1":{"name":"(anonymous_1)","decl":{"start":{"line":18,"column":2},"end":{"line":18,"column":18}},"loc":{"start":{"line":18,"column":18},"end":{"line":42,"column":6}},"line":18},"2":{"name":"carregar","decl":{"start":{"line":19,"column":19},"end":{"line":19,"column":30}},"loc":{"start":{"line":19,"column":30},"end":{"line":38,"column":null}},"line":19},"3":{"name":"(anonymous_3)","decl":{"start":{"line":30,"column":11},"end":{"line":30,"column":19}},"loc":{"start":{"line":30,"column":30},"end":{"line":30,"column":51}},"line":30},"4":{"name":"(anonymous_4)","decl":{"start":{"line":31,"column":11},"end":{"line":31,"column":16}},"loc":{"start":{"line":31,"column":28},"end":{"line":34,"column":13}},"line":31},"5":{"name":"(anonymous_5)","decl":{"start":{"line":54,"column":5},"end":{"line":54,"column":13}},"loc":{"start":{"line":54,"column":19},"end":{"line":54,"column":32}},"line":54},"6":{"name":"(anonymous_6)","decl":{"start":{"line":55,"column":5},"end":{"line":55,"column":13}},"loc":{"start":{"line":55,"column":24},"end":{"line":55,"column":39}},"line":55},"7":{"name":"(anonymous_7)","decl":{"start":{"line":57,"column":5},"end":{"line":57,"column":13}},"loc":{"start":{"line":57,"column":19},"end":{"line":57,"column":32}},"line":57},"8":{"name":"(anonymous_8)","decl":{"start":{"line":58,"column":5},"end":{"line":58,"column":13}},"loc":{"start":{"line":58,"column":24},"end":{"line":58,"column":39}},"line":58},"9":{"name":"(anonymous_9)","decl":{"start":{"line":64,"column":8},"end":{"line":64,"column":23}},"loc":{"start":{"line":64,"column":23},"end":{"line":64,"column":35}},"line":64},"10":{"name":"(anonymous_10)","decl":{"start":{"line":122,"column":26},"end":{"line":122,"column":31}},"loc":{"start":{"line":123,"column":14},"end":{"line":137,"column":null}},"line":123}},"branchMap":{"0":{"loc":{"start":{"line":29,"column":27},"end":{"line":29,"column":42}},"type":"binary-expr","locations":[{"start":{"line":29,"column":27},"end":{"line":29,"column":40}},{"start":{"line":29,"column":40},"end":{"line":29,"column":42}}],"line":29},"1":{"loc":{"start":{"line":45,"column":2},"end":{"line":49,"column":null}},"type":"if","locations":[{"start":{"line":45,"column":2},"end":{"line":49,"column":null}},{"start":{},"end":{}}],"line":45},"2":{"loc":{"start":{"line":78,"column":27},"end":{"line":78,"column":null}},"type":"binary-expr","locations":[{"start":{"line":78,"column":27},"end":{"line":78,"column":51}},{"start":{"line":78,"column":51},"end":{"line":78,"column":null}}],"line":78},"3":{"loc":{"start":{"line":104,"column":49},"end":{"line":104,"column":null}},"type":"cond-expr","locations":[{"start":{"line":104,"column":62},"end":{"line":104,"column":80}},{"start":{"line":104,"column":80},"end":{"line":104,"column":null}}],"line":104},"4":{"loc":{"start":{"line":133,"column":72},"end":{"line":133,"column":null}},"type":"cond-expr","locations":[{"start":{"line":133,"column":87},"end":{"line":133,"column":106}},{"start":{"line":133,"column":106},"end":{"line":133,"column":null}}],"line":133},"5":{"loc":{"start":{"line":135,"column":19},"end":{"line":135,"column":44}},"type":"cond-expr","locations":[{"start":{"line":135,"column":34},"end":{"line":135,"column":40}},{"start":{"line":135,"column":40},"end":{"line":135,"column":44}}],"line":135},"6":{"loc":{"start":{"line":143,"column":9},"end":{"line":162,"column":null}},"type":"binary-expr","locations":[{"start":{"line":143,"column":9},"end":{"line":143,"column":null}},{"start":{"line":144,"column":10},"end":{"line":162,"column":null}}],"line":143},"7":{"loc":{"start":{"line":168,"column":9},"end":{"line":171,"column":null}},"type":"binary-expr","locations":[{"start":{"line":168,"column":9},"end":{"line":168,"column":null}},{"start":{"line":169,"column":10},"end":{"line":171,"column":null}}],"line":168}},"s":{"0":8,"1":8,"2":8,"3":8,"4":8,"5":8,"6":4,"7":4,"8":4,"9":4,"10":9,"11":6,"12":4,"13":0,"14":4,"15":8,"16":4,"17":4,"18":6,"19":3,"20":4,"21":6,"22":3,"23":4,"24":4,"25":1,"26":6},"f":{"0":8,"1":4,"2":4,"3":9,"4":6,"5":6,"6":3,"7":6,"8":3,"9":1,"10":6},"b":{"0":[4,0],"1":[4,4],"2":[4,0],"3":[1,3],"4":[3,3],"5":[3,3],"6":[8,0],"7":[8,1]},"meta":{"lastBranch":8,"lastFunction":11,"lastStatement":27,"seen":{"f:7:16:7:35":0,"s:8:10:8:28":0,"s:9:8:9:32":1,"s:10:20:10:55":2,"s:11:21:11:57":3,"s:14:59:15:33":4,"s:18:2:42:Infinity":5,"f:18:2:18:18":1,"f:19:19:19:30":2,"s:20:6:38:Infinity":6,"s:21:29:24:10":7,"s:26:8:26:Infinity":8,"s:29:14:34:13":9,"b:29:27:29:40:29:40:29:42":0,"f:30:11:30:19":3,"s:30:30:30:51":10,"f:31:11:31:16":4,"s:31:28:34:13":11,"s:36:8:36:Infinity":12,"s:38:8:38:Infinity":13,"s:41:4:41:Infinity":14,"b:45:2:49:Infinity:undefined:undefined:undefined:undefined":1,"s:45:2:49:Infinity":15,"s:46:4:49:Infinity":16,"s:53:23:55:41":17,"f:54:5:54:13":5,"s:54:19:54:32":18,"f:55:5:55:13":6,"s:55:24:55:39":19,"s:56:23:58:41":20,"f:57:5:57:13":7,"s:57:19:57:32":21,"f:58:5:58:13":8,"s:58:24:58:39":22,"s:59:16:59:Infinity":23,"s:61:2:171:Infinity":24,"f:64:8:64:23":9,"s:64:23:64:35":25,"b:78:27:78:51:78:51:78:Infinity":2,"b:104:62:104:80:104:80:104:Infinity":3,"f:122:26:122:31":10,"s:123:14:137:Infinity":26,"b:133:87:133:106:133:106:133:Infinity":4,"b:135:34:135:40:135:40:135:44":5,"b:143:9:143:Infinity:144:10:162:Infinity":6,"b:168:9:168:Infinity:169:10:171:Infinity":7}}}
,"C:\\Users\\Rodrigo\\source\\repos\\ControleGastos\\ControleGastos\\web\\src\\pages\\DetalhePessoa.tsx": {"path":"C:\\Users\\Rodrigo\\source\\repos\\ControleGastos\\ControleGastos\\web\\src\\pages\\DetalhePessoa.tsx","statementMap":{"0":{"start":{"line":8,"column":10},"end":{"line":8,"column":28}},"1":{"start":{"line":9,"column":8},"end":{"line":9,"column":32}},"2":{"start":{"line":10,"column":17},"end":{"line":10,"column":49}},"3":{"start":{"line":11,"column":21},"end":{"line":11,"column":57}},"4":{"start":{"line":14,"column":59},"end":{"line":15,"column":33}},"5":{"start":{"line":18,"column":2},"end":{"line":42,"column":null}},"6":{"start":{"line":20,"column":6},"end":{"line":38,"column":null}},"7":{"start":{"line":21,"column":29},"end":{"line":24,"column":10}},"8":{"start":{"line":26,"column":8},"end":{"line":26,"column":null}},"9":{"start":{"line":29,"column":14},"end":{"line":34,"column":13}},"10":{"start":{"line":30,"column":30},"end":{"line":30,"column":48}},"11":{"start":{"line":31,"column":28},"end":{"line":34,"column":13}},"12":{"start":{"line":36,"column":8},"end":{"line":36,"column":null}},"13":{"start":{"line":38,"column":8},"end":{"line":38,"column":null}},"14":{"start":{"line":41,"column":4},"end":{"line":41,"column":null}},"15":{"start":{"line":45,"column":2},"end":{"line":49,"column":null}},"16":{"start":{"line":46,"column":4},"end":{"line":49,"column":null}},"17":{"start":{"line":53,"column":23},"end":{"line":55,"column":41}},"18":{"start":{"line":54,"column":19},"end":{"line":54,"column":32}},"19":{"start":{"line":55,"column":24},"end":{"line":55,"column":39}},"20":{"start":{"line":57,"column":23},"end":{"line":59,"column":41}},"21":{"start":{"line":58,"column":19},"end":{"line":58,"column":32}},"22":{"start":{"line":59,"column":24},"end":{"line":59,"column":39}},"23":{"start":{"line":61,"column":16},"end":{"line":61,"column":null}},"24":{"start":{"line":63,"column":2},"end":{"line":170,"column":null}},"25":{"start":{"line":66,"column":23},"end":{"line":66,"column":35}},"26":{"start":{"line":120,"column":14},"end":{"line":136,"column":null}}},"fnMap":{"0":{"name":"DetalhePessoa","decl":{"start":{"line":7,"column":16},"end":{"line":7,"column":32}},"loc":{"start":{"line":7,"column":32},"end":{"line":170,"column":null}},"line":7},"1":{"name":"(anonymous_1)","decl":{"start":{"line":18,"column":2},"end":{"line":18,"column":18}},"loc":{"start":{"line":18,"column":18},"end":{"line":42,"column":6}},"line":18},"2":{"name":"carregar","decl":{"start":{"line":19,"column":19},"end":{"line":19,"column":30}},"loc":{"start":{"line":19,"column":30},"end":{"line":38,"column":null}},"line":19},"3":{"name":"(anonymous_3)","decl":{"start":{"line":30,"column":11},"end":{"line":30,"column":19}},"loc":{"start":{"line":30,"column":30},"end":{"line":30,"column":48}},"line":30},"4":{"name":"(anonymous_4)","decl":{"start":{"line":31,"column":11},"end":{"line":31,"column":16}},"loc":{"start":{"line":31,"column":28},"end":{"line":34,"column":13}},"line":31},"5":{"name":"(anonymous_5)","decl":{"start":{"line":54,"column":5},"end":{"line":54,"column":13}},"loc":{"start":{"line":54,"column":19},"end":{"line":54,"column":32}},"line":54},"6":{"name":"(anonymous_6)","decl":{"start":{"line":55,"column":5},"end":{"line":55,"column":13}},"loc":{"start":{"line":55,"column":24},"end":{"line":55,"column":39}},"line":55},"7":{"name":"(anonymous_7)","decl":{"start":{"line":58,"column":5},"end":{"line":58,"column":13}},"loc":{"start":{"line":58,"column":19},"end":{"line":58,"column":32}},"line":58},"8":{"name":"(anonymous_8)","decl":{"start":{"line":59,"column":5},"end":{"line":59,"column":13}},"loc":{"start":{"line":59,"column":24},"end":{"line":59,"column":39}},"line":59},"9":{"name":"(anonymous_9)","decl":{"start":{"line":66,"column":8},"end":{"line":66,"column":23}},"loc":{"start":{"line":66,"column":23},"end":{"line":66,"column":35}},"line":66},"10":{"name":"(anonymous_10)","decl":{"start":{"line":119,"column":26},"end":{"line":119,"column":31}},"loc":{"start":{"line":120,"column":14},"end":{"line":136,"column":null}},"line":120}},"branchMap":{"0":{"loc":{"start":{"line":29,"column":27},"end":{"line":29,"column":42}},"type":"binary-expr","locations":[{"start":{"line":29,"column":27},"end":{"line":29,"column":40}},{"start":{"line":29,"column":40},"end":{"line":29,"column":42}}],"line":29},"1":{"loc":{"start":{"line":45,"column":2},"end":{"line":49,"column":null}},"type":"if","locations":[{"start":{"line":45,"column":2},"end":{"line":49,"column":null}},{"start":{},"end":{}}],"line":45},"2":{"loc":{"start":{"line":106,"column":49},"end":{"line":106,"column":null}},"type":"cond-expr","locations":[{"start":{"line":106,"column":62},"end":{"line":106,"column":80}},{"start":{"line":106,"column":80},"end":{"line":106,"column":null}}],"line":106},"3":{"loc":{"start":{"line":126,"column":67},"end":{"line":126,"column":null}},"type":"cond-expr","locations":[{"start":{"line":126,"column":82},"end":{"line":126,"column":101}},{"start":{"line":126,"column":101},"end":{"line":126,"column":null}}],"line":126},"4":{"loc":{"start":{"line":128,"column":21},"end":{"line":128,"column":null}},"type":"cond-expr","locations":[{"start":{"line":128,"column":36},"end":{"line":128,"column":48}},{"start":{"line":128,"column":48},"end":{"line":128,"column":null}}],"line":128},"5":{"loc":{"start":{"line":132,"column":72},"end":{"line":132,"column":null}},"type":"cond-expr","locations":[{"start":{"line":132,"column":87},"end":{"line":132,"column":106}},{"start":{"line":132,"column":106},"end":{"line":132,"column":null}}],"line":132},"6":{"loc":{"start":{"line":134,"column":19},"end":{"line":134,"column":44}},"type":"cond-expr","locations":[{"start":{"line":134,"column":34},"end":{"line":134,"column":40}},{"start":{"line":134,"column":40},"end":{"line":134,"column":44}}],"line":134},"7":{"loc":{"start":{"line":142,"column":9},"end":{"line":161,"column":null}},"type":"binary-expr","locations":[{"start":{"line":142,"column":9},"end":{"line":142,"column":null}},{"start":{"line":143,"column":10},"end":{"line":161,"column":null}}],"line":142},"8":{"loc":{"start":{"line":167,"column":9},"end":{"line":170,"column":null}},"type":"binary-expr","locations":[{"start":{"line":167,"column":9},"end":{"line":167,"column":null}},{"start":{"line":168,"column":10},"end":{"line":170,"column":null}}],"line":167}},"s":{"0":7,"1":7,"2":7,"3":7,"4":7,"5":7,"6":4,"7":4,"8":4,"9":4,"10":12,"11":8,"12":4,"13":0,"14":4,"15":7,"16":4,"17":3,"18":6,"19":3,"20":3,"21":6,"22":3,"23":3,"24":3,"25":1,"26":6},"f":{"0":7,"1":4,"2":4,"3":12,"4":8,"5":6,"6":3,"7":6,"8":3,"9":1,"10":6},"b":{"0":[4,0],"1":[4,3],"2":[3,0],"3":[3,3],"4":[3,3],"5":[3,3],"6":[3,3],"7":[7,0],"8":[7,0]},"meta":{"lastBranch":9,"lastFunction":11,"lastStatement":27,"seen":{"f:7:16:7:32":0,"s:8:10:8:28":0,"s:9:8:9:32":1,"s:10:17:10:49":2,"s:11:21:11:57":3,"s:14:59:15:33":4,"s:18:2:42:Infinity":5,"f:18:2:18:18":1,"f:19:19:19:30":2,"s:20:6:38:Infinity":6,"s:21:29:24:10":7,"s:26:8:26:Infinity":8,"s:29:14:34:13":9,"b:29:27:29:40:29:40:29:42":0,"f:30:11:30:19":3,"s:30:30:30:48":10,"f:31:11:31:16":4,"s:31:28:34:13":11,"s:36:8:36:Infinity":12,"s:38:8:38:Infinity":13,"s:41:4:41:Infinity":14,"b:45:2:49:Infinity:undefined:undefined:undefined:undefined":1,"s:45:2:49:Infinity":15,"s:46:4:49:Infinity":16,"s:53:23:55:41":17,"f:54:5:54:13":5,"s:54:19:54:32":18,"f:55:5:55:13":6,"s:55:24:55:39":19,"s:57:23:59:41":20,"f:58:5:58:13":7,"s:58:19:58:32":21,"f:59:5:59:13":8,"s:59:24:59:39":22,"s:61:16:61:Infinity":23,"s:63:2:170:Infinity":24,"f:66:8:66:23":9,"s:66:23:66:35":25,"b:106:62:106:80:106:80:106:Infinity":2,"f:119:26:119:31":10,"s:120:14:136:Infinity":26,"b:126:82:126:101:126:101:126:Infinity":3,"b:128:36:128:48:128:48:128:Infinity":4,"b:132:87:132:106:132:106:132:Infinity":5,"b:134:34:134:40:134:40:134:44":6,"b:142:9:142:Infinity:143:10:161:Infinity":7,"b:167:9:167:Infinity:168:10:170:Infinity":8}}}
,"C:\\Users\\Rodrigo\\source\\repos\\ControleGastos\\ControleGastos\\web\\src\\pages\\ListaCategoriasRelatorio.tsx": {"path":"C:\\Users\\Rodrigo\\source\\repos\\ControleGastos\\ControleGastos\\web\\src\\pages\\ListaCategoriasRelatorio.tsx","statementMap":{"0":{"start":{"line":8,"column":21},"end":{"line":8,"column":57}},"1":{"start":{"line":9,"column":21},"end":{"line":9,"column":57}},"2":{"start":{"line":10,"column":8},"end":{"line":10,"column":32}},"3":{"start":{"line":12,"column":59},"end":{"line":13,"column":33}},"4":{"start":{"line":16,"column":2},"end":{"line":30,"column":null}},"5":{"start":{"line":18,"column":6},"end":{"line":26,"column":null}},"6":{"start":{"line":19,"column":29},"end":{"line":22,"column":10}},"7":{"start":{"line":23,"column":8},"end":{"line":23,"column":null}},"8":{"start":{"line":24,"column":8},"end":{"line":24,"column":null}},"9":{"start":{"line":26,"column":8},"end":{"line":26,"column":null}},"10":{"start":{"line":29,"column":4},"end":{"line":29,"column":null}},"11":{"start":{"line":33,"column":8},"end":{"line":41,"column":null}},"12":{"start":{"line":34,"column":17},"end":{"line":34,"column":72}},"13":{"start":{"line":34,"column":42},"end":{"line":34,"column":72}},"14":{"start":{"line":35,"column":21},"end":{"line":37,"column":51}},"15":{"start":{"line":36,"column":21},"end":{"line":36,"column":34}},"16":{"start":{"line":37,"column":26},"end":{"line":37,"column":47}},"17":{"start":{"line":38,"column":21},"end":{"line":40,"column":51}},"18":{"start":{"line":39,"column":21},"end":{"line":39,"column":34}},"19":{"start":{"line":40,"column":26},"end":{"line":40,"column":47}},"20":{"start":{"line":41,"column":4},"end":{"line":41,"column":null}},"21":{"start":{"line":45,"column":29},"end":{"line":47,"column":49}},"22":{"start":{"line":46,"column":19},"end":{"line":46,"column":32}},"23":{"start":{"line":47,"column":24},"end":{"line":47,"column":45}},"24":{"start":{"line":48,"column":29},"end":{"line":50,"column":49}},"25":{"start":{"line":49,"column":19},"end":{"line":49,"column":32}},"26":{"start":{"line":50,"column":24},"end":{"line":50,"column":45}},"27":{"start":{"line":51,"column":28},"end":{"line":51,"column":null}},"28":{"start":{"line":53,"column":2},"end":{"line":201,"column":null}},"29":{"start":{"line":57,"column":25},"end":{"line":57,"column":44}},"30":{"start":{"line":70,"column":22},"end":{"line":70,"column":42}},"31":{"start":{"line":72,"column":12},"end":{"line":72,"column":null}},"32":{"start":{"line":73,"column":48},"end":{"line":73,"column":77}},"33":{"start":{"line":75,"column":10},"end":{"line":129,"column":null}},"34":{"start":{"line":78,"column":29},"end":{"line":78,"column":70}}},"fnMap":{"0":{"name":"ListaCategoriasRelatorio","decl":{"start":{"line":7,"column":16},"end":{"line":7,"column":43}},"loc":{"start":{"line":7,"column":43},"end":{"line":201,"column":null}},"line":7},"1":{"name":"(anonymous_1)","decl":{"start":{"line":16,"column":2},"end":{"line":16,"column":18}},"loc":{"start":{"line":16,"column":18},"end":{"line":30,"column":7}},"line":16},"2":{"name":"carregarDados","decl":{"start":{"line":17,"column":19},"end":{"line":17,"column":35}},"loc":{"start":{"line":17,"column":35},"end":{"line":26,"column":null}},"line":17},"3":{"name":"(anonymous_3)","decl":{"start":{"line":33,"column":8},"end":{"line":33,"column":35}},"loc":{"start":{"line":33,"column":59},"end":{"line":41,"column":null}},"line":33},"4":{"name":"(anonymous_4)","decl":{"start":{"line":34,"column":28},"end":{"line":34,"column":36}},"loc":{"start":{"line":34,"column":42},"end":{"line":34,"column":72}},"line":34},"5":{"name":"(anonymous_5)","decl":{"start":{"line":36,"column":7},"end":{"line":36,"column":15}},"loc":{"start":{"line":36,"column":21},"end":{"line":36,"column":34}},"line":36},"6":{"name":"(anonymous_6)","decl":{"start":{"line":37,"column":7},"end":{"line":37,"column":15}},"loc":{"start":{"line":37,"column":26},"end":{"line":37,"column":47}},"line":37},"7":{"name":"(anonymous_7)","decl":{"start":{"line":39,"column":7},"end":{"line":39,"column":15}},"loc":{"start":{"line":39,"column":21},"end":{"line":39,"column":34}},"line":39},"8":{"name":"(anonymous_8)","decl":{"start":{"line":40,"column":7},"end":{"line":40,"column":15}},"loc":{"start":{"line":40,"column":26},"end":{"line":40,"column":47}},"line":40},"9":{"name":"(anonymous_9)","decl":{"start":{"line":46,"column":5},"end":{"line":46,"column":13}},"loc":{"start":{"line":46,"column":19},"end":{"line":46,"column":32}},"line":46},"10":{"name":"(anonymous_10)","decl":{"start":{"line":47,"column":5},"end":{"line":47,"column":13}},"loc":{"start":{"line":47,"column":24},"end":{"line":47,"column":45}},"line":47},"11":{"name":"(anonymous_11)","decl":{"start":{"line":49,"column":5},"end":{"line":49,"column":13}},"loc":{"start":{"line":49,"column":19},"end":{"line":49,"column":32}},"line":49},"12":{"name":"(anonymous_12)","decl":{"start":{"line":50,"column":5},"end":{"line":50,"column":13}},"loc":{"start":{"line":50,"column":24},"end":{"line":50,"column":45}},"line":50},"13":{"name":"(anonymous_13)","decl":{"start":{"line":57,"column":10},"end":{"line":57,"column":25}},"loc":{"start":{"line":57,"column":25},"end":{"line":57,"column":44}},"line":57},"14":{"name":"(anonymous_14)","decl":{"start":{"line":69,"column":22},"end":{"line":69,"column":27}},"loc":{"start":{"line":69,"column":33},"end":{"line":129,"column":null}},"line":69},"15":{"name":"(anonymous_15)","decl":{"start":{"line":78,"column":14},"end":{"line":78,"column":29}},"loc":{"start":{"line":78,"column":29},"end":{"line":78,"column":70}},"line":78}},"branchMap":{"0":{"loc":{"start":{"line":23,"column":22},"end":{"line":23,"column":37}},"type":"binary-expr","locations":[{"start":{"line":23,"column":22},"end":{"line":23,"column":35}},{"start":{"line":23,"column":35},"end":{"line":23,"column":37}}],"line":23},"1":{"loc":{"start":{"line":24,"column":22},"end":{"line":24,"column":37}},"type":"binary-expr","locations":[{"start":{"line":24,"column":22},"end":{"line":24,"column":35}},{"start":{"line":24,"column":35},"end":{"line":24,"column":37}}],"line":24},"2":{"loc":{"start":{"line":72,"column":12},"end":{"line":72,"column":null}},"type":"cond-expr","locations":[{"start":{"line":72,"column":24},"end":{"line":72,"column":36}},{"start":{"line":72,"column":36},"end":{"line":72,"column":null}}],"line":72},"3":{"loc":{"start":{"line":72,"column":36},"end":{"line":72,"column":null}},"type":"cond-expr","locations":[{"start":{"line":72,"column":48},"end":{"line":72,"column":60}},{"start":{"line":72,"column":60},"end":{"line":72,"column":null}}],"line":72},"4":{"loc":{"start":{"line":88,"column":61},"end":{"line":88,"column":null}},"type":"cond-expr","locations":[{"start":{"line":88,"column":73},"end":{"line":88,"column":90}},{"start":{"line":88,"column":90},"end":{"line":88,"column":null}}],"line":88},"5":{"loc":{"start":{"line":88,"column":90},"end":{"line":88,"column":null}},"type":"cond-expr","locations":[{"start":{"line":88,"column":102},"end":{"line":88,"column":117}},{"start":{"line":88,"column":117},"end":{"line":88,"column":null}}],"line":88},"6":{"loc":{"start":{"line":123,"column":57},"end":{"line":123,"column":null}},"type":"cond-expr","locations":[{"start":{"line":123,"column":70},"end":{"line":123,"column":88}},{"start":{"line":123,"column":88},"end":{"line":123,"column":null}}],"line":123},"7":{"loc":{"start":{"line":135,"column":7},"end":{"line":154,"column":null}},"type":"binary-expr","locations":[{"start":{"line":135,"column":7},"end":{"line":135,"column":null}},{"start":{"line":136,"column":8},"end":{"line":154,"column":null}}],"line":135},"8":{"loc":{"start":{"line":190,"column":48},"end":{"line":190,"column":null}},"type":"cond-expr","locations":[{"start":{"line":190,"column":73},"end":{"line":190,"column":91}},{"start":{"line":190,"column":91},"end":{"line":190,"column":null}}],"line":190},"9":{"loc":{"start":{"line":198,"column":7},"end":{"line":201,"column":null}},"type":"binary-expr","locations":[{"start":{"line":198,"column":7},"end":{"line":198,"column":null}},{"start":{"line":199,"column":8},"end":{"line":201,"column":null}}],"line":198}},"s":{"0":10,"1":10,"2":10,"3":10,"4":10,"5":5,"6":5,"7":5,"8":5,"9":0,"10":5,"11":10,"12":8,"13":24,"14":8,"15":12,"16":4,"17":8,"18":12,"19":8,"20":8,"21":10,"22":15,"23":5,"24":10,"25":15,"26":10,"27":10,"28":10,"29":1,"30":8,"31":8,"32":8,"33":8,"34":1},"f":{"0":10,"1":5,"2":5,"3":8,"4":24,"5":12,"6":4,"7":12,"8":8,"9":15,"10":5,"11":15,"12":10,"13":1,"14":8,"15":1},"b":{"0":[5,0],"1":[5,0],"2":[0,8],"3":[4,4],"4":[0,8],"5":[4,4],"6":[4,4],"7":[10,0],"8":[10,0],"9":[10,6]},"meta":{"lastBranch":10,"lastFunction":16,"lastStatement":35,"seen":{"f:7:16:7:43":0,"s:8:21:8:57":0,"s:9:21:9:57":1,"s:10:8:10:32":2,"s:12:59:13:33":3,"s:16:2:30:Infinity":4,"f:16:2:16:18":1,"f:17:19:17:35":2,"s:18:6:26:Infinity":5,"s:19:29:22:10":6,"s:23:8:23:Infinity":7,"b:23:22:23:35:23:35:23:37":0,"s:24:8:24:Infinity":8,"b:24:22:24:35:24:35:24:37":1,"s:26:8:26:Infinity":9,"s:29:4:29:Infinity":10,"s:33:8:41:Infinity":11,"f:33:8:33:35":3,"s:34:17:34:72":12,"f:34:28:34:36":4,"s:34:42:34:72":13,"s:35:21:37:51":14,"f:36:7:36:15":5,"s:36:21:36:34":15,"f:37:7:37:15":6,"s:37:26:37:47":16,"s:38:21:40:51":17,"f:39:7:39:15":7,"s:39:21:39:34":18,"f:40:7:40:15":8,"s:40:26:40:47":19,"s:41:4:41:Infinity":20,"s:45:29:47:49":21,"f:46:5:46:13":9,"s:46:19:46:32":22,"f:47:5:47:13":10,"s:47:24:47:45":23,"s:48:29:50:49":24,"f:49:5:49:13":11,"s:49:19:49:32":25,"f:50:5:50:13":12,"s:50:24:50:45":26,"s:51:28:51:Infinity":27,"s:53:2:201:Infinity":28,"f:57:10:57:25":13,"s:57:25:57:44":29,"f:69:22:69:27":14,"s:70:22:70:42":30,"s:72:12:72:Infinity":31,"b:72:24:72:36:72:36:72:Infinity":2,"b:72:48:72:60:72:60:72:Infinity":3,"s:73:48:73:77":32,"s:75:10:129:Infinity":33,"f:78:14:78:29":15,"s:78:29:78:70":34,"b:88:73:88:90:88:90:88:Infinity":4,"b:88:102:88:117:88:117:88:Infinity":5,"b:123:70:123:88:123:88:123:Infinity":6,"b:135:7:135:Infinity:136:8:154:Infinity":7,"b:190:73:190:91:190:91:190:Infinity":8,"b:198:7:198:Infinity:199:8:201:Infinity":9}}}
,"C:\\Users\\Rodrigo\\source\\repos\\ControleGastos\\ControleGastos\\web\\src\\pages\\ListaPessoasRelatorio.tsx": {"path":"C:\\Users\\Rodrigo\\source\\repos\\ControleGastos\\ControleGastos\\web\\src\\pages\\ListaPessoasRelatorio.tsx","statementMap":{"0":{"start":{"line":8,"column":18},"end":{"line":8,"column":51}},"1":{"start":{"line":9,"column":21},"end":{"line":9,"column":57}},"2":{"start":{"line":10,"column":8},"end":{"line":10,"column":32}},"3":{"start":{"line":12,"column":59},"end":{"line":13,"column":30}},"4":{"start":{"line":16,"column":2},"end":{"line":30,"column":null}},"5":{"start":{"line":18,"column":6},"end":{"line":26,"column":null}},"6":{"start":{"line":19,"column":29},"end":{"line":22,"column":10}},"7":{"start":{"line":23,"column":8},"end":{"line":23,"column":null}},"8":{"start":{"line":24,"column":8},"end":{"line":24,"column":null}},"9":{"start":{"line":26,"column":8},"end":{"line":26,"column":null}},"10":{"start":{"line":29,"column":4},"end":{"line":29,"column":null}},"11":{"start":{"line":33,"column":8},"end":{"line":41,"column":null}},"12":{"start":{"line":34,"column":20},"end":{"line":34,"column":69}},"13":{"start":{"line":34,"column":45},"end":{"line":34,"column":69}},"14":{"start":{"line":35,"column":21},"end":{"line":37,"column":51}},"15":{"start":{"line":36,"column":21},"end":{"line":36,"column":34}},"16":{"start":{"line":37,"column":26},"end":{"line":37,"column":47}},"17":{"start":{"line":38,"column":21},"end":{"line":40,"column":51}},"18":{"start":{"line":39,"column":21},"end":{"line":39,"column":34}},"19":{"start":{"line":40,"column":26},"end":{"line":40,"column":47}},"20":{"start":{"line":41,"column":4},"end":{"line":41,"column":null}},"21":{"start":{"line":45,"column":29},"end":{"line":47,"column":49}},"22":{"start":{"line":46,"column":19},"end":{"line":46,"column":32}},"23":{"start":{"line":47,"column":24},"end":{"line":47,"column":45}},"24":{"start":{"line":48,"column":29},"end":{"line":50,"column":49}},"25":{"start":{"line":49,"column":19},"end":{"line":49,"column":32}},"26":{"start":{"line":50,"column":24},"end":{"line":50,"column":45}},"27":{"start":{"line":51,"column":28},"end":{"line":51,"column":null}},"28":{"start":{"line":53,"column":2},"end":{"line":195,"column":null}},"29":{"start":{"line":58,"column":27},"end":{"line":58,"column":46}},"30":{"start":{"line":72,"column":48},"end":{"line":72,"column":74}},"31":{"start":{"line":73,"column":10},"end":{"line":122,"column":null}},"32":{"start":{"line":76,"column":29},"end":{"line":76,"column":67}}},"fnMap":{"0":{"name":"ListaPessoasRelatorio","decl":{"start":{"line":7,"column":16},"end":{"line":7,"column":40}},"loc":{"start":{"line":7,"column":40},"end":{"line":195,"column":null}},"line":7},"1":{"name":"(anonymous_1)","decl":{"start":{"line":16,"column":2},"end":{"line":16,"column":18}},"loc":{"start":{"line":16,"column":18},"end":{"line":30,"column":7}},"line":16},"2":{"name":"carregarDados","decl":{"start":{"line":17,"column":19},"end":{"line":17,"column":35}},"loc":{"start":{"line":17,"column":35},"end":{"line":26,"column":null}},"line":17},"3":{"name":"(anonymous_3)","decl":{"start":{"line":33,"column":8},"end":{"line":33,"column":32}},"loc":{"start":{"line":33,"column":53},"end":{"line":41,"column":null}},"line":33},"4":{"name":"(anonymous_4)","decl":{"start":{"line":34,"column":31},"end":{"line":34,"column":39}},"loc":{"start":{"line":34,"column":45},"end":{"line":34,"column":69}},"line":34},"5":{"name":"(anonymous_5)","decl":{"start":{"line":36,"column":7},"end":{"line":36,"column":15}},"loc":{"start":{"line":36,"column":21},"end":{"line":36,"column":34}},"line":36},"6":{"name":"(anonymous_6)","decl":{"start":{"line":37,"column":7},"end":{"line":37,"column":15}},"loc":{"start":{"line":37,"column":26},"end":{"line":37,"column":47}},"line":37},"7":{"name":"(anonymous_7)","decl":{"start":{"line":39,"column":7},"end":{"line":39,"column":15}},"loc":{"start":{"line":39,"column":21},"end":{"line":39,"column":34}},"line":39},"8":{"name":"(anonymous_8)","decl":{"start":{"line":40,"column":7},"end":{"line":40,"column":15}},"loc":{"start":{"line":40,"column":26},"end":{"line":40,"column":47}},"line":40},"9":{"name":"(anonymous_9)","decl":{"start":{"line":46,"column":5},"end":{"line":46,"column":13}},"loc":{"start":{"line":46,"column":19},"end":{"line":46,"column":32}},"line":46},"10":{"name":"(anonymous_10)","decl":{"start":{"line":47,"column":5},"end":{"line":47,"column":13}},"loc":{"start":{"line":47,"column":24},"end":{"line":47,"column":45}},"line":47},"11":{"name":"(anonymous_11)","decl":{"start":{"line":49,"column":5},"end":{"line":49,"column":13}},"loc":{"start":{"line":49,"column":19},"end":{"line":49,"column":32}},"line":49},"12":{"name":"(anonymous_12)","decl":{"start":{"line":50,"column":5},"end":{"line":50,"column":13}},"loc":{"start":{"line":50,"column":24},"end":{"line":50,"column":45}},"line":50},"13":{"name":"(anonymous_13)","decl":{"start":{"line":58,"column":12},"end":{"line":58,"column":27}},"loc":{"start":{"line":58,"column":27},"end":{"line":58,"column":46}},"line":58},"14":{"name":"(anonymous_14)","decl":{"start":{"line":71,"column":22},"end":{"line":71,"column":27}},"loc":{"start":{"line":71,"column":33},"end":{"line":122,"column":null}},"line":71},"15":{"name":"(anonymous_15)","decl":{"start":{"line":76,"column":14},"end":{"line":76,"column":29}},"loc":{"start":{"line":76,"column":29},"end":{"line":76,"column":67}},"line":76}},"branchMap":{"0":{"loc":{"start":{"line":23,"column":19},"end":{"line":23,"column":34}},"type":"binary-expr","locations":[{"start":{"line":23,"column":19},"end":{"line":23,"column":32}},{"start":{"line":23,"column":32},"end":{"line":23,"column":34}}],"line":23},"1":{"loc":{"start":{"line":24,"column":22},"end":{"line":24,"column":37}},"type":"binary-expr","locations":[{"start":{"line":24,"column":22},"end":{"line":24,"column":35}},{"start":{"line":24,"column":35},"end":{"line":24,"column":37}}],"line":24},"2":{"loc":{"start":{"line":116,"column":53},"end":{"line":116,"column":null}},"type":"cond-expr","locations":[{"start":{"line":116,"column":66},"end":{"line":116,"column":84}},{"start":{"line":116,"column":84},"end":{"line":116,"column":null}}],"line":116},"3":{"loc":{"start":{"line":128,"column":7},"end":{"line":147,"column":null}},"type":"binary-expr","locations":[{"start":{"line":128,"column":7},"end":{"line":128,"column":null}},{"start":{"line":129,"column":8},"end":{"line":147,"column":null}}],"line":128},"4":{"loc":{"start":{"line":183,"column":48},"end":{"line":183,"column":null}},"type":"cond-expr","locations":[{"start":{"line":183,"column":73},"end":{"line":183,"column":91}},{"start":{"line":183,"column":91},"end":{"line":183,"column":null}}],"line":183},"5":{"loc":{"start":{"line":192,"column":7},"end":{"line":195,"column":null}},"type":"binary-expr","locations":[{"start":{"line":192,"column":7},"end":{"line":192,"column":null}},{"start":{"line":193,"column":8},"end":{"line":195,"column":null}}],"line":192}},"s":{"0":10,"1":10,"2":10,"3":10,"4":10,"5":5,"6":5,"7":5,"8":5,"9":0,"10":5,"11":10,"12":8,"13":24,"14":8,"15":12,"16":8,"17":8,"18":12,"19":4,"20":8,"21":10,"22":12,"23":8,"24":10,"25":12,"26":4,"27":10,"28":10,"29":1,"30":8,"31":8,"32":1},"f":{"0":10,"1":5,"2":5,"3":8,"4":24,"5":12,"6":8,"7":12,"8":4,"9":12,"10":8,"11":12,"12":4,"13":1,"14":8,"15":1},"b":{"0":[5,0],"1":[5,0],"2":[8,0],"3":[10,0],"4":[10,0],"5":[10,6]},"meta":{"lastBranch":6,"lastFunction":16,"lastStatement":33,"seen":{"f:7:16:7:40":0,"s:8:18:8:51":0,"s:9:21:9:57":1,"s:10:8:10:32":2,"s:12:59:13:30":3,"s:16:2:30:Infinity":4,"f:16:2:16:18":1,"f:17:19:17:35":2,"s:18:6:26:Infinity":5,"s:19:29:22:10":6,"s:23:8:23:Infinity":7,"b:23:19:23:32:23:32:23:34":0,"s:24:8:24:Infinity":8,"b:24:22:24:35:24:35:24:37":1,"s:26:8:26:Infinity":9,"s:29:4:29:Infinity":10,"s:33:8:41:Infinity":11,"f:33:8:33:32":3,"s:34:20:34:69":12,"f:34:31:34:39":4,"s:34:45:34:69":13,"s:35:21:37:51":14,"f:36:7:36:15":5,"s:36:21:36:34":15,"f:37:7:37:15":6,"s:37:26:37:47":16,"s:38:21:40:51":17,"f:39:7:39:15":7,"s:39:21:39:34":18,"f:40:7:40:15":8,"s:40:26:40:47":19,"s:41:4:41:Infinity":20,"s:45:29:47:49":21,"f:46:5:46:13":9,"s:46:19:46:32":22,"f:47:5:47:13":10,"s:47:24:47:45":23,"s:48:29:50:49":24,"f:49:5:49:13":11,"s:49:19:49:32":25,"f:50:5:50:13":12,"s:50:24:50:45":26,"s:51:28:51:Infinity":27,"s:53:2:195:Infinity":28,"f:58:12:58:27":13,"s:58:27:58:46":29,"f:71:22:71:27":14,"s:72:48:72:74":30,"s:73:10:122:Infinity":31,"f:76:14:76:29":15,"s:76:29:76:67":32,"b:116:66:116:84:116:84:116:Infinity":2,"b:128:7:128:Infinity:129:8:147:Infinity":3,"b:183:73:183:91:183:91:183:Infinity":4,"b:192:7:192:Infinity:193:8:195:Infinity":5}}}
,"C:\\Users\\Rodrigo\\source\\repos\\ControleGastos\\ControleGastos\\web\\src\\pages\\Pessoas.tsx": {"path":"C:\\Users\\Rodrigo\\source\\repos\\ControleGastos\\ControleGastos\\web\\src\\pages\\Pessoas.tsx","statementMap":{"0":{"start":{"line":15,"column":18},"end":{"line":15,"column":54}},"1":{"start":{"line":16,"column":15},"end":{"line":16,"column":38}},"2":{"start":{"line":17,"column":25},"end":{"line":17,"column":58}},"3":{"start":{"line":18,"column":21},"end":{"line":18,"column":53}},"4":{"start":{"line":19,"column":21},"end":{"line":19,"column":67}},"5":{"start":{"line":21,"column":8},"end":{"line":21,"column":32}},"6":{"start":{"line":22,"column":59},"end":{"line":23,"column":30}},"7":{"start":{"line":26,"column":2},"end":{"line":28,"column":null}},"8":{"start":{"line":27,"column":4},"end":{"line":27,"column":null}},"9":{"start":{"line":32,"column":4},"end":{"line":36,"column":null}},"10":{"start":{"line":33,"column":18},"end":{"line":33,"column":43}},"11":{"start":{"line":34,"column":6},"end":{"line":34,"column":null}},"12":{"start":{"line":36,"column":6},"end":{"line":36,"column":null}},"13":{"start":{"line":42,"column":17},"end":{"line":42,"column":27}},"14":{"start":{"line":43,"column":23},"end":{"line":43,"column":37}},"15":{"start":{"line":44,"column":16},"end":{"line":44,"column":61}},"16":{"start":{"line":45,"column":16},"end":{"line":45,"column":55}},"17":{"start":{"line":46,"column":4},"end":{"line":47,"column":null}},"18":{"start":{"line":47,"column":6},"end":{"line":47,"column":null}},"19":{"start":{"line":48,"column":4},"end":{"line":48,"column":null}},"20":{"start":{"line":53,"column":4},"end":{"line":53,"column":null}},"21":{"start":{"line":54,"column":4},"end":{"line":54,"column":null}},"22":{"start":{"line":55,"column":4},"end":{"line":55,"column":null}},"23":{"start":{"line":56,"column":4},"end":{"line":57,"column":null}},"24":{"start":{"line":57,"column":6},"end":{"line":57,"column":null}},"25":{"start":{"line":59,"column":4},"end":{"line":59,"column":null}},"26":{"start":{"line":64,"column":4},"end":{"line":64,"column":null}},"27":{"start":{"line":65,"column":4},"end":{"line":65,"column":null}},"28":{"start":{"line":66,"column":4},"end":{"line":66,"column":null}},"29":{"start":{"line":71,"column":4},"end":{"line":71,"column":null}},"30":{"start":{"line":72,"column":4},"end":{"line":72,"column":null}},"31":{"start":{"line":72,"column":32},"end":{"line":72,"column":null}},"32":{"start":{"line":73,"column":4},"end":{"line":73,"column":null}},"33":{"start":{"line":73,"column":25},"end":{"line":73,"column":null}},"34":{"start":{"line":75,"column":27},"end":{"line":75,"column":56}},"35":{"start":{"line":77,"column":4},"end":{"line":102,"column":null}},"36":{"start":{"line":78,"column":6},"end":{"line":78,"column":null}},"37":{"start":{"line":79,"column":37},"end":{"line":81,"column":21}},"38":{"start":{"line":83,"column":22},"end":{"line":87,"column":null}},"39":{"start":{"line":89,"column":6},"end":{"line":94,"column":null}},"40":{"start":{"line":90,"column":8},"end":{"line":90,"column":null}},"41":{"start":{"line":91,"column":8},"end":{"line":91,"column":null}},"42":{"start":{"line":93,"column":8},"end":{"line":93,"column":null}},"43":{"start":{"line":94,"column":8},"end":{"line":94,"column":null}},"44":{"start":{"line":97,"column":6},"end":{"line":97,"column":null}},"45":{"start":{"line":98,"column":6},"end":{"line":98,"column":null}},"46":{"start":{"line":100,"column":6},"end":{"line":100,"column":null}},"47":{"start":{"line":102,"column":6},"end":{"line":102,"column":null}},"48":{"start":{"line":108,"column":4},"end":{"line":108,"column":null}},"49":{"start":{"line":109,"column":4},"end":{"line":119,"column":null}},"50":{"start":{"line":114,"column":6},"end":{"line":119,"column":null}},"51":{"start":{"line":115,"column":8},"end":{"line":115,"column":null}},"52":{"start":{"line":116,"column":8},"end":{"line":116,"column":null}},"53":{"start":{"line":116,"column":31},"end":{"line":116,"column":null}},"54":{"start":{"line":117,"column":8},"end":{"line":117,"column":null}},"55":{"start":{"line":119,"column":8},"end":{"line":119,"column":null}},"56":{"start":{"line":124,"column":2},"end":{"line":255,"column":null}},"57":{"start":{"line":153,"column":29},"end":{"line":153,"column":52}},"58":{"start":{"line":169,"column":29},"end":{"line":169,"column":62}},"59":{"start":{"line":196,"column":10},"end":{"line":222,"column":null}},"60":{"start":{"line":198,"column":27},"end":{"line":198,"column":65}},"61":{"start":{"line":210,"column":32},"end":{"line":210,"column":52}},"62":{"start":{"line":216,"column":32},"end":{"line":216,"column":48}}},"fnMap":{"0":{"name":"Pessoas","decl":{"start":{"line":14,"column":16},"end":{"line":14,"column":26}},"loc":{"start":{"line":14,"column":26},"end":{"line":255,"column":null}},"line":14},"1":{"name":"(anonymous_1)","decl":{"start":{"line":26,"column":2},"end":{"line":26,"column":18}},"loc":{"start":{"line":26,"column":18},"end":{"line":28,"column":7}},"line":26},"2":{"name":"carregarPessoas","decl":{"start":{"line":31,"column":17},"end":{"line":31,"column":35}},"loc":{"start":{"line":31,"column":35},"end":{"line":36,"column":null}},"line":31},"3":{"name":"calcularIdade","decl":{"start":{"line":41,"column":11},"end":{"line":41,"column":25}},"loc":{"start":{"line":41,"column":47},"end":{"line":48,"column":null}},"line":41},"4":{"name":"prepararEdicao","decl":{"start":{"line":52,"column":11},"end":{"line":52,"column":26}},"loc":{"start":{"line":52,"column":58},"end":{"line":59,"column":null}},"line":52},"5":{"name":"cancelarEdicao","decl":{"start":{"line":63,"column":11},"end":{"line":63,"column":28}},"loc":{"start":{"line":63,"column":28},"end":{"line":66,"column":null}},"line":63},"6":{"name":"salvar","decl":{"start":{"line":70,"column":17},"end":{"line":70,"column":24}},"loc":{"start":{"line":70,"column":44},"end":{"line":102,"column":null}},"line":70},"7":{"name":"excluir","decl":{"start":{"line":107,"column":17},"end":{"line":107,"column":25}},"loc":{"start":{"line":107,"column":58},"end":{"line":119,"column":null}},"line":107},"8":{"name":"(anonymous_8)","decl":{"start":{"line":153,"column":12},"end":{"line":153,"column":23}},"loc":{"start":{"line":153,"column":29},"end":{"line":153,"column":52}},"line":153},"9":{"name":"(anonymous_9)","decl":{"start":{"line":169,"column":12},"end":{"line":169,"column":23}},"loc":{"start":{"line":169,"column":29},"end":{"line":169,"column":62}},"line":169},"10":{"name":"(anonymous_10)","decl":{"start":{"line":195,"column":22},"end":{"line":195,"column":27}},"loc":{"start":{"line":196,"column":10},"end":{"line":222,"column":null}},"line":196},"11":{"name":"(anonymous_11)","decl":{"start":{"line":198,"column":12},"end":{"line":198,"column":27}},"loc":{"start":{"line":198,"column":27},"end":{"line":198,"column":65}},"line":198},"12":{"name":"(anonymous_12)","decl":{"start":{"line":210,"column":16},"end":{"line":210,"column":26}},"loc":{"start":{"line":210,"column":32},"end":{"line":210,"column":52}},"line":210},"13":{"name":"(anonymous_13)","decl":{"start":{"line":216,"column":16},"end":{"line":216,"column":26}},"loc":{"start":{"line":216,"column":32},"end":{"line":216,"column":48}},"line":216}},"branchMap":{"0":{"loc":{"start":{"line":34,"column":17},"end":{"line":34,"column":31}},"type":"binary-expr","locations":[{"start":{"line":34,"column":17},"end":{"line":34,"column":29}},{"start":{"line":34,"column":29},"end":{"line":34,"column":31}}],"line":34},"1":{"loc":{"start":{"line":46,"column":4},"end":{"line":47,"column":null}},"type":"if","locations":[{"start":{"line":46,"column":4},"end":{"line":47,"column":null}},{"start":{},"end":{}}],"line":46},"2":{"loc":{"start":{"line":46,"column":8},"end":{"line":46,"column":70}},"type":"binary-expr","locations":[{"start":{"line":46,"column":8},"end":{"line":46,"column":20}},{"start":{"line":46,"column":20},"end":{"line":46,"column":33}},{"start":{"line":46,"column":33},"end":{"line":46,"column":70}}],"line":46},"3":{"loc":{"start":{"line":56,"column":4},"end":{"line":57,"column":null}},"type":"if","locations":[{"start":{"line":56,"column":4},"end":{"line":57,"column":null}},{"start":{},"end":{}}],"line":56},"4":{"loc":{"start":{"line":72,"column":4},"end":{"line":72,"column":null}},"type":"if","locations":[{"start":{"line":72,"column":4},"end":{"line":72,"column":null}},{"start":{},"end":{}}],"line":72},"5":{"loc":{"start":{"line":73,"column":4},"end":{"line":73,"column":null}},"type":"if","locations":[{"start":{"line":73,"column":4},"end":{"line":73,"column":null}},{"start":{},"end":{}}],"line":73},"6":{"loc":{"start":{"line":89,"column":6},"end":{"line":94,"column":null}},"type":"if","locations":[{"start":{"line":89,"column":6},"end":{"line":94,"column":null}},{"start":{"line":92,"column":13},"end":{"line":94,"column":null}}],"line":89},"7":{"loc":{"start":{"line":109,"column":4},"end":{"line":119,"column":null}},"type":"if","locations":[{"start":{"line":109,"column":4},"end":{"line":119,"column":null}},{"start":{},"end":{}}],"line":109},"8":{"loc":{"start":{"line":116,"column":8},"end":{"line":116,"column":null}},"type":"if","locations":[{"start":{"line":116,"column":8},"end":{"line":116,"column":null}},{"start":{},"end":{}}],"line":116},"9":{"loc":{"start":{"line":128,"column":11},"end":{"line":128,"column":null}},"type":"cond-expr","locations":[{"start":{"line":128,"column":24},"end":{"line":128,"column":44}},{"start":{"line":128,"column":44},"end":{"line":128,"column":null}}],"line":128},"10":{"loc":{"start":{"line":131,"column":11},"end":{"line":133,"column":null}},"type":"cond-expr","locations":[{"start":{"line":132,"column":14},"end":{"line":132,"column":null}},{"start":{"line":133,"column":14},"end":{"line":133,"column":null}}],"line":131},"11":{"loc":{"start":{"line":140,"column":81},"end":{"line":140,"column":137}},"type":"cond-expr","locations":[{"start":{"line":140,"column":94},"end":{"line":140,"column":116}},{"start":{"line":140,"column":116},"end":{"line":140,"column":137}}],"line":140},"12":{"loc":{"start":{"line":175,"column":11},"end":{"line":184,"column":11}},"type":"binary-expr","locations":[{"start":{"line":175,"column":11},"end":{"line":175,"column":null}},{"start":{"line":176,"column":12},"end":{"line":184,"column":11}}],"line":175},"13":{"loc":{"start":{"line":186,"column":26},"end":{"line":186,"column":109}},"type":"cond-expr","locations":[{"start":{"line":186,"column":39},"end":{"line":186,"column":77}},{"start":{"line":186,"column":77},"end":{"line":186,"column":109}}],"line":186},"14":{"loc":{"start":{"line":188,"column":13},"end":{"line":188,"column":null}},"type":"cond-expr","locations":[{"start":{"line":188,"column":26},"end":{"line":188,"column":34}},{"start":{"line":188,"column":34},"end":{"line":188,"column":null}}],"line":188},"15":{"loc":{"start":{"line":188,"column":34},"end":{"line":188,"column":null}},"type":"cond-expr","locations":[{"start":{"line":188,"column":47},"end":{"line":188,"column":68}},{"start":{"line":188,"column":68},"end":{"line":188,"column":null}}],"line":188},"16":{"loc":{"start":{"line":199,"column":140},"end":{"line":199,"column":null}},"type":"cond-expr","locations":[{"start":{"line":199,"column":162},"end":{"line":199,"column":197}},{"start":{"line":199,"column":197},"end":{"line":199,"column":null}}],"line":199},"17":{"loc":{"start":{"line":227,"column":7},"end":{"line":246,"column":null}},"type":"binary-expr","locations":[{"start":{"line":227,"column":7},"end":{"line":227,"column":null}},{"start":{"line":228,"column":8},"end":{"line":246,"column":null}}],"line":227},"18":{"loc":{"start":{"line":252,"column":7},"end":{"line":255,"column":null}},"type":"binary-expr","locations":[{"start":{"line":252,"column":7},"end":{"line":252,"column":null}},{"start":{"line":253,"column":8},"end":{"line":255,"column":null}}],"line":252}},"s":{"0":30,"1":30,"2":30,"3":30,"4":30,"5":30,"6":30,"7":30,"8":5,"9":7,"10":7,"11":7,"12":0,"13":1,"14":1,"15":1,"16":1,"17":1,"18":1,"19":1,"20":1,"21":1,"22":1,"23":1,"24":1,"25":1,"26":1,"27":1,"28":1,"29":2,"30":2,"31":1,"32":1,"33":0,"34":1,"35":1,"36":1,"37":1,"38":1,"39":1,"40":0,"41":0,"42":1,"43":1,"44":1,"45":1,"46":0,"47":1,"48":1,"49":1,"50":1,"51":1,"52":1,"53":0,"54":1,"55":0,"56":30,"57":14,"58":2,"59":4,"60":0,"61":1,"62":1},"f":{"0":30,"1":5,"2":7,"3":1,"4":1,"5":1,"6":2,"7":1,"8":14,"9":2,"10":4,"11":0,"12":1,"13":1},"b":{"0":[7,0],"1":[1,0],"2":[1,0,0],"3":[1,0],"4":[1,1],"5":[0,1],"6":[0,1],"7":[1,0],"8":[0,1],"9":[1,29],"10":[1,29],"11":[1,29],"12":[30,1],"13":[1,29],"14":[1,29],"15":[1,28],"16":[1,3],"17":[30,0],"18":[30,26]},"meta":{"lastBranch":19,"lastFunction":14,"lastStatement":63,"seen":{"f:14:16:14:26":0,"s:15:18:15:54":0,"s:16:15:16:38":1,"s:17:25:17:58":2,"s:18:21:18:53":3,"s:19:21:19:67":4,"s:21:8:21:32":5,"s:22:59:23:30":6,"s:26:2:28:Infinity":7,"f:26:2:26:18":1,"s:27:4:27:Infinity":8,"f:31:17:31:35":2,"s:32:4:36:Infinity":9,"s:33:18:33:43":10,"s:34:6:34:Infinity":11,"b:34:17:34:29:34:29:34:31":0,"s:36:6:36:Infinity":12,"f:41:11:41:25":3,"s:42:17:42:27":13,"s:43:23:43:37":14,"s:44:16:44:61":15,"s:45:16:45:55":16,"b:46:4:47:Infinity:undefined:undefined:undefined:undefined":1,"s:46:4:47:Infinity":17,"b:46:8:46:20:46:20:46:33:46:33:46:70":2,"s:47:6:47:Infinity":18,"s:48:4:48:Infinity":19,"f:52:11:52:26":4,"s:53:4:53:Infinity":20,"s:54:4:54:Infinity":21,"s:55:4:55:Infinity":22,"b:56:4:57:Infinity:undefined:undefined:undefined:undefined":3,"s:56:4:57:Infinity":23,"s:57:6:57:Infinity":24,"s:59:4:59:Infinity":25,"f:63:11:63:28":5,"s:64:4:64:Infinity":26,"s:65:4:65:Infinity":27,"s:66:4:66:Infinity":28,"f:70:17:70:24":6,"s:71:4:71:Infinity":29,"b:72:4:72:Infinity:undefined:undefined:undefined:undefined":4,"s:72:4:72:Infinity":30,"s:72:32:72:Infinity":31,"b:73:4:73:Infinity:undefined:undefined:undefined:undefined":5,"s:73:4:73:Infinity":32,"s:73:25:73:Infinity":33,"s:75:27:75:56":34,"s:77:4:102:Infinity":35,"s:78:6:78:Infinity":36,"s:79:37:81:21":37,"s:83:22:87:Infinity":38,"b:89:6:94:Infinity:92:13:94:Infinity":6,"s:89:6:94:Infinity":39,"s:90:8:90:Infinity":40,"s:91:8:91:Infinity":41,"s:93:8:93:Infinity":42,"s:94:8:94:Infinity":43,"s:97:6:97:Infinity":44,"s:98:6:98:Infinity":45,"s:100:6:100:Infinity":46,"s:102:6:102:Infinity":47,"f:107:17:107:25":7,"s:108:4:108:Infinity":48,"b:109:4:119:Infinity:undefined:undefined:undefined:undefined":7,"s:109:4:119:Infinity":49,"s:114:6:119:Infinity":50,"s:115:8:115:Infinity":51,"b:116:8:116:Infinity:undefined:undefined:undefined:undefined":8,"s:116:8:116:Infinity":52,"s:116:31:116:Infinity":53,"s:117:8:117:Infinity":54,"s:119:8:119:Infinity":55,"s:124:2:255:Infinity":56,"b:128:24:128:44:128:44:128:Infinity":9,"b:132:14:132:Infinity:133:14:133:Infinity":10,"b:140:94:140:116:140:116:140:137":11,"f:153:12:153:23":8,"s:153:29:153:52":57,"f:169:12:169:23":9,"s:169:29:169:62":58,"b:175:11:175:Infinity:176:12:184:11":12,"b:186:39:186:77:186:77:186:109":13,"b:188:26:188:34:188:34:188:Infinity":14,"b:188:47:188:68:188:68:188:Infinity":15,"f:195:22:195:27":10,"s:196:10:222:Infinity":59,"f:198:12:198:27":11,"s:198:27:198:65":60,"b:199:162:199:197:199:197:199:Infinity":16,"f:210:16:210:26":12,"s:210:32:210:52":61,"f:216:16:216:26":13,"s:216:32:216:48":62,"b:227:7:227:Infinity:228:8:246:Infinity":17,"b:252:7:252:Infinity:253:8:255:Infinity":18}}}
,"C:\\Users\\Rodrigo\\source\\repos\\ControleGastos\\ControleGastos\\web\\src\\pages\\Totais.tsx": {"path":"C:\\Users\\Rodrigo\\source\\repos\\ControleGastos\\ControleGastos\\web\\src\\pages\\Totais.tsx","statementMap":{"0":{"start":{"line":5,"column":8},"end":{"line":5,"column":32}},"1":{"start":{"line":7,"column":2},"end":{"line":65,"column":null}},"2":{"start":{"line":21,"column":25},"end":{"line":21,"column":62}},"3":{"start":{"line":46,"column":25},"end":{"line":46,"column":65}}},"fnMap":{"0":{"name":"Totais","decl":{"start":{"line":4,"column":16},"end":{"line":4,"column":25}},"loc":{"start":{"line":4,"column":25},"end":{"line":65,"column":null}},"line":4},"1":{"name":"(anonymous_1)","decl":{"start":{"line":21,"column":10},"end":{"line":21,"column":25}},"loc":{"start":{"line":21,"column":25},"end":{"line":21,"column":62}},"line":21},"2":{"name":"(anonymous_2)","decl":{"start":{"line":46,"column":10},"end":{"line":46,"column":25}},"loc":{"start":{"line":46,"column":25},"end":{"line":46,"column":65}},"line":46}},"branchMap":{},"s":{"0":2,"1":2,"2":1,"3":1},"f":{"0":2,"1":1,"2":1},"b":{},"meta":{"lastBranch":0,"lastFunction":3,"lastStatement":4,"seen":{"f:4:16:4:25":0,"s:5:8:5:32":0,"s:7:2:65:Infinity":1,"f:21:10:21:25":1,"s:21:25:21:62":2,"f:46:10:46:25":2,"s:46:25:46:65":3}}}
,"C:\\Users\\Rodrigo\\source\\repos\\ControleGastos\\ControleGastos\\web\\src\\pages\\Transacoes.tsx": {"path":"C:\\Users\\Rodrigo\\source\\repos\\ControleGastos\\ControleGastos\\web\\src\\pages\\Transacoes.tsx","statementMap":{"0":{"start":{"line":27,"column":21},"end":{"line":27,"column":63}},"1":{"start":{"line":28,"column":18},"end":{"line":28,"column":54}},"2":{"start":{"line":29,"column":21},"end":{"line":29,"column":63}},"3":{"start":{"line":30,"column":20},"end":{"line":30,"column":48}},"4":{"start":{"line":31,"column":16},"end":{"line":31,"column":40}},"5":{"start":{"line":32,"column":15},"end":{"line":32,"column":45}},"6":{"start":{"line":33,"column":19},"end":{"line":33,"column":46}},"7":{"start":{"line":34,"column":22},"end":{"line":34,"column":52}},"8":{"start":{"line":36,"column":59},"end":{"line":37,"column":33}},"9":{"start":{"line":39,"column":2},"end":{"line":41,"column":null}},"10":{"start":{"line":40,"column":4},"end":{"line":40,"column":null}},"11":{"start":{"line":45,"column":4},"end":{"line":55,"column":null}},"12":{"start":{"line":46,"column":33},"end":{"line":50,"column":8}},"13":{"start":{"line":51,"column":6},"end":{"line":51,"column":null}},"14":{"start":{"line":52,"column":6},"end":{"line":52,"column":null}},"15":{"start":{"line":53,"column":6},"end":{"line":53,"column":null}},"16":{"start":{"line":55,"column":6},"end":{"line":55,"column":null}},"17":{"start":{"line":61,"column":4},"end":{"line":61,"column":null}},"18":{"start":{"line":63,"column":26},"end":{"line":63,"column":39}},"19":{"start":{"line":64,"column":25},"end":{"line":64,"column":null}},"20":{"start":{"line":65,"column":14},"end":{"line":65,"column":52}},"21":{"start":{"line":65,"column":34},"end":{"line":65,"column":52}},"22":{"start":{"line":66,"column":14},"end":{"line":66,"column":58}},"23":{"start":{"line":66,"column":37},"end":{"line":66,"column":58}},"24":{"start":{"line":69,"column":4},"end":{"line":70,"column":null}},"25":{"start":{"line":70,"column":6},"end":{"line":70,"column":null}},"26":{"start":{"line":74,"column":4},"end":{"line":75,"column":null}},"27":{"start":{"line":75,"column":6},"end":{"line":75,"column":null}},"28":{"start":{"line":79,"column":4},"end":{"line":89,"column":null}},"29":{"start":{"line":80,"column":25},"end":{"line":80,"column":null}},"30":{"start":{"line":81,"column":6},"end":{"line":84,"column":null}},"31":{"start":{"line":82,"column":8},"end":{"line":84,"column":null}},"32":{"start":{"line":86,"column":6},"end":{"line":89,"column":null}},"33":{"start":{"line":87,"column":8},"end":{"line":89,"column":null}},"34":{"start":{"line":93,"column":4},"end":{"line":116,"column":null}},"35":{"start":{"line":94,"column":6},"end":{"line":101,"column":null}},"36":{"start":{"line":103,"column":6},"end":{"line":103,"column":null}},"37":{"start":{"line":104,"column":6},"end":{"line":104,"column":null}},"38":{"start":{"line":105,"column":6},"end":{"line":105,"column":null}},"39":{"start":{"line":106,"column":6},"end":{"line":106,"column":null}},"40":{"start":{"line":108,"column":26},"end":{"line":108,"column":null}},"41":{"start":{"line":110,"column":8},"end":{"line":114,"column":null}},"42":{"start":{"line":116,"column":6},"end":{"line":116,"column":null}},"43":{"start":{"line":120,"column":2},"end":{"line":303,"column":null}},"44":{"start":{"line":145,"column":31},"end":{"line":145,"column":59}},"45":{"start":{"line":158,"column":31},"end":{"line":158,"column":55}},"46":{"start":{"line":175,"column":31},"end":{"line":175,"column":54}},"47":{"start":{"line":190,"column":31},"end":{"line":190,"column":58}},"48":{"start":{"line":195,"column":16},"end":{"line":197,"column":null}},"49":{"start":{"line":213,"column":31},"end":{"line":213,"column":61}},"50":{"start":{"line":218,"column":16},"end":{"line":220,"column":null}},"51":{"start":{"line":247,"column":14},"end":{"line":270,"column":null}}},"fnMap":{"0":{"name":"Transacoes","decl":{"start":{"line":26,"column":16},"end":{"line":26,"column":29}},"loc":{"start":{"line":26,"column":29},"end":{"line":303,"column":null}},"line":26},"1":{"name":"(anonymous_1)","decl":{"start":{"line":39,"column":2},"end":{"line":39,"column":18}},"loc":{"start":{"line":39,"column":18},"end":{"line":41,"column":7}},"line":39},"2":{"name":"carregarDadosIniciais","decl":{"start":{"line":44,"column":17},"end":{"line":44,"column":41}},"loc":{"start":{"line":44,"column":41},"end":{"line":55,"column":null}},"line":44},"3":{"name":"salvar","decl":{"start":{"line":60,"column":17},"end":{"line":60,"column":24}},"loc":{"start":{"line":60,"column":44},"end":{"line":116,"column":null}},"line":60},"4":{"name":"(anonymous_4)","decl":{"start":{"line":65,"column":22},"end":{"line":65,"column":28}},"loc":{"start":{"line":65,"column":34},"end":{"line":65,"column":52}},"line":65},"5":{"name":"(anonymous_5)","decl":{"start":{"line":66,"column":25},"end":{"line":66,"column":31}},"loc":{"start":{"line":66,"column":37},"end":{"line":66,"column":58}},"line":66},"6":{"name":"(anonymous_6)","decl":{"start":{"line":145,"column":14},"end":{"line":145,"column":25}},"loc":{"start":{"line":145,"column":31},"end":{"line":145,"column":59}},"line":145},"7":{"name":"(anonymous_7)","decl":{"start":{"line":158,"column":14},"end":{"line":158,"column":25}},"loc":{"start":{"line":158,"column":31},"end":{"line":158,"column":55}},"line":158},"8":{"name":"(anonymous_8)","decl":{"start":{"line":175,"column":14},"end":{"line":175,"column":25}},"loc":{"start":{"line":175,"column":31},"end":{"line":175,"column":54}},"line":175},"9":{"name":"(anonymous_9)","decl":{"start":{"line":190,"column":14},"end":{"line":190,"column":25}},"loc":{"start":{"line":190,"column":31},"end":{"line":190,"column":58}},"line":190},"10":{"name":"(anonymous_10)","decl":{"start":{"line":194,"column":23},"end":{"line":194,"column":28}},"loc":{"start":{"line":195,"column":16},"end":{"line":197,"column":null}},"line":195},"11":{"name":"(anonymous_11)","decl":{"start":{"line":213,"column":14},"end":{"line":213,"column":25}},"loc":{"start":{"line":213,"column":31},"end":{"line":213,"column":61}},"line":213},"12":{"name":"(anonymous_12)","decl":{"start":{"line":217,"column":26},"end":{"line":217,"column":31}},"loc":{"start":{"line":218,"column":16},"end":{"line":220,"column":null}},"line":218},"13":{"name":"(anonymous_13)","decl":{"start":{"line":246,"column":26},"end":{"line":246,"column":31}},"loc":{"start":{"line":247,"column":14},"end":{"line":270,"column":null}},"line":247}},"branchMap":{"0":{"loc":{"start":{"line":51,"column":20},"end":{"line":51,"column":35}},"type":"binary-expr","locations":[{"start":{"line":51,"column":20},"end":{"line":51,"column":33}},{"start":{"line":51,"column":33},"end":{"line":51,"column":35}}],"line":51},"1":{"loc":{"start":{"line":52,"column":17},"end":{"line":52,"column":32}},"type":"binary-expr","locations":[{"start":{"line":52,"column":17},"end":{"line":52,"column":30}},{"start":{"line":52,"column":30},"end":{"line":52,"column":32}}],"line":52},"2":{"loc":{"start":{"line":53,"column":20},"end":{"line":53,"column":35}},"type":"binary-expr","locations":[{"start":{"line":53,"column":20},"end":{"line":53,"column":33}},{"start":{"line":53,"column":33},"end":{"line":53,"column":35}}],"line":53},"3":{"loc":{"start":{"line":64,"column":25},"end":{"line":64,"column":null}},"type":"cond-expr","locations":[{"start":{"line":64,"column":46},"end":{"line":64,"column":50}},{"start":{"line":64,"column":50},"end":{"line":64,"column":null}}],"line":64},"4":{"loc":{"start":{"line":69,"column":4},"end":{"line":70,"column":null}},"type":"if","locations":[{"start":{"line":69,"column":4},"end":{"line":70,"column":null}},{"start":{},"end":{}}],"line":69},"5":{"loc":{"start":{"line":74,"column":4},"end":{"line":75,"column":null}},"type":"if","locations":[{"start":{"line":74,"column":4},"end":{"line":75,"column":null}},{"start":{},"end":{}}],"line":74},"6":{"loc":{"start":{"line":74,"column":8},"end":{"line":74,"column":49}},"type":"binary-expr","locations":[{"start":{"line":74,"column":8},"end":{"line":74,"column":13}},{"start":{"line":74,"column":13},"end":{"line":74,"column":29}},{"start":{"line":74,"column":29},"end":{"line":74,"column":49}}],"line":74},"7":{"loc":{"start":{"line":79,"column":4},"end":{"line":89,"column":null}},"type":"if","locations":[{"start":{"line":79,"column":4},"end":{"line":89,"column":null}},{"start":{},"end":{}}],"line":79},"8":{"loc":{"start":{"line":81,"column":6},"end":{"line":84,"column":null}},"type":"if","locations":[{"start":{"line":81,"column":6},"end":{"line":84,"column":null}},{"start":{},"end":{}}],"line":81},"9":{"loc":{"start":{"line":81,"column":10},"end":{"line":81,"column":58}},"type":"binary-expr","locations":[{"start":{"line":81,"column":10},"end":{"line":81,"column":38}},{"start":{"line":81,"column":38},"end":{"line":81,"column":58}}],"line":81},"10":{"loc":{"start":{"line":86,"column":6},"end":{"line":89,"column":null}},"type":"if","locations":[{"start":{"line":86,"column":6},"end":{"line":89,"column":null}},{"start":{},"end":{}}],"line":86},"11":{"loc":{"start":{"line":86,"column":10},"end":{"line":86,"column":58}},"type":"binary-expr","locations":[{"start":{"line":86,"column":10},"end":{"line":86,"column":38}},{"start":{"line":86,"column":38},"end":{"line":86,"column":58}}],"line":86},"12":{"loc":{"start":{"line":110,"column":8},"end":{"line":114,"column":null}},"type":"binary-expr","locations":[{"start":{"line":110,"column":8},"end":{"line":110,"column":null}},{"start":{"line":111,"column":8},"end":{"line":111,"column":null}},{"start":{"line":112,"column":9},"end":{"line":114,"column":null}}],"line":110},"13":{"loc":{"start":{"line":112,"column":9},"end":{"line":114,"column":null}},"type":"cond-expr","locations":[{"start":{"line":113,"column":12},"end":{"line":113,"column":null}},{"start":{"line":114,"column":12},"end":{"line":114,"column":null}}],"line":112},"14":{"loc":{"start":{"line":255,"column":91},"end":{"line":255,"column":null}},"type":"cond-expr","locations":[{"start":{"line":255,"column":106},"end":{"line":255,"column":138}},{"start":{"line":255,"column":138},"end":{"line":255,"column":null}}],"line":255},"15":{"loc":{"start":{"line":257,"column":25},"end":{"line":257,"column":null}},"type":"cond-expr","locations":[{"start":{"line":257,"column":40},"end":{"line":257,"column":52}},{"start":{"line":257,"column":52},"end":{"line":257,"column":null}}],"line":257},"16":{"loc":{"start":{"line":260,"column":28},"end":{"line":260,"column":null}},"type":"binary-expr","locations":[{"start":{"line":260,"column":28},"end":{"line":260,"column":44}},{"start":{"line":260,"column":44},"end":{"line":260,"column":null}}],"line":260},"17":{"loc":{"start":{"line":266,"column":72},"end":{"line":266,"column":null}},"type":"cond-expr","locations":[{"start":{"line":266,"column":87},"end":{"line":266,"column":106}},{"start":{"line":266,"column":106},"end":{"line":266,"column":null}}],"line":266},"18":{"loc":{"start":{"line":268,"column":19},"end":{"line":268,"column":44}},"type":"cond-expr","locations":[{"start":{"line":268,"column":34},"end":{"line":268,"column":40}},{"start":{"line":268,"column":40},"end":{"line":268,"column":44}}],"line":268},"19":{"loc":{"start":{"line":276,"column":9},"end":{"line":295,"column":null}},"type":"binary-expr","locations":[{"start":{"line":276,"column":9},"end":{"line":276,"column":null}},{"start":{"line":277,"column":10},"end":{"line":295,"column":null}}],"line":276},"20":{"loc":{"start":{"line":300,"column":9},"end":{"line":303,"column":null}},"type":"binary-expr","locations":[{"start":{"line":300,"column":9},"end":{"line":300,"column":null}},{"start":{"line":301,"column":10},"end":{"line":303,"column":null}}],"line":300}},"s":{"0":64,"1":64,"2":64,"3":64,"4":64,"5":64,"6":64,"7":64,"8":64,"9":64,"10":4,"11":5,"12":5,"13":5,"14":5,"15":5,"16":0,"17":4,"18":4,"19":4,"20":4,"21":6,"22":4,"23":6,"24":4,"25":1,"26":3,"27":1,"28":2,"29":2,"30":2,"31":1,"32":1,"33":0,"34":1,"35":1,"36":1,"37":1,"38":1,"39":1,"40":0,"41":0,"42":0,"43":64,"44":34,"45":10,"46":3,"47":4,"48":120,"49":4,"50":120,"51":0},"f":{"0":64,"1":4,"2":5,"3":4,"4":6,"5":6,"6":34,"7":10,"8":3,"9":4,"10":120,"11":4,"12":120,"13":0},"b":{"0":[5,0],"1":[5,0],"2":[5,0],"3":[1,3],"4":[1,3],"5":[1,2],"6":[3,3,1],"7":[2,0],"8":[1,1],"9":[2,1],"10":[0,1],"11":[1,1],"12":[0,0,0],"13":[0,0],"14":[0,0],"15":[0,0],"16":[0,0],"17":[0,0],"18":[0,0],"19":[64,0],"20":[64,64]},"meta":{"lastBranch":21,"lastFunction":14,"lastStatement":52,"seen":{"f:26:16:26:29":0,"s:27:21:27:63":0,"s:28:18:28:54":1,"s:29:21:29:63":2,"s:30:20:30:48":3,"s:31:16:31:40":4,"s:32:15:32:45":5,"s:33:19:33:46":6,"s:34:22:34:52":7,"s:36:59:37:33":8,"s:39:2:41:Infinity":9,"f:39:2:39:18":1,"s:40:4:40:Infinity":10,"f:44:17:44:41":2,"s:45:4:55:Infinity":11,"s:46:33:50:8":12,"s:51:6:51:Infinity":13,"b:51:20:51:33:51:33:51:35":0,"s:52:6:52:Infinity":14,"b:52:17:52:30:52:30:52:32":1,"s:53:6:53:Infinity":15,"b:53:20:53:33:53:33:53:35":2,"s:55:6:55:Infinity":16,"f:60:17:60:24":3,"s:61:4:61:Infinity":17,"s:63:26:63:39":18,"s:64:25:64:Infinity":19,"b:64:46:64:50:64:50:64:Infinity":3,"s:65:14:65:52":20,"f:65:22:65:28":4,"s:65:34:65:52":21,"s:66:14:66:58":22,"f:66:25:66:31":5,"s:66:37:66:58":23,"b:69:4:70:Infinity:undefined:undefined:undefined:undefined":4,"s:69:4:70:Infinity":24,"s:70:6:70:Infinity":25,"b:74:4:75:Infinity:undefined:undefined:undefined:undefined":5,"s:74:4:75:Infinity":26,"b:74:8:74:13:74:13:74:29:74:29:74:49":6,"s:75:6:75:Infinity":27,"b:79:4:89:Infinity:undefined:undefined:undefined:undefined":7,"s:79:4:89:Infinity":28,"s:80:25:80:Infinity":29,"b:81:6:84:Infinity:undefined:undefined:undefined:undefined":8,"s:81:6:84:Infinity":30,"b:81:10:81:38:81:38:81:58":9,"s:82:8:84:Infinity":31,"b:86:6:89:Infinity:undefined:undefined:undefined:undefined":10,"s:86:6:89:Infinity":32,"b:86:10:86:38:86:38:86:58":11,"s:87:8:89:Infinity":33,"s:93:4:116:Infinity":34,"s:94:6:101:Infinity":35,"s:103:6:103:Infinity":36,"s:104:6:104:Infinity":37,"s:105:6:105:Infinity":38,"s:106:6:106:Infinity":39,"s:108:26:108:Infinity":40,"s:110:8:114:Infinity":41,"b:110:8:110:Infinity:111:8:111:Infinity:112:9:114:Infinity":12,"b:113:12:113:Infinity:114:12:114:Infinity":13,"s:116:6:116:Infinity":42,"s:120:2:303:Infinity":43,"f:145:14:145:25":6,"s:145:31:145:59":44,"f:158:14:158:25":7,"s:158:31:158:55":45,"f:175:14:175:25":8,"s:175:31:175:54":46,"f:190:14:190:25":9,"s:190:31:190:58":47,"f:194:23:194:28":10,"s:195:16:197:Infinity":48,"f:213:14:213:25":11,"s:213:31:213:61":49,"f:217:26:217:31":12,"s:218:16:220:Infinity":50,"f:246:26:246:31":13,"s:247:14:270:Infinity":51,"b:255:106:255:138:255:138:255:Infinity":14,"b:257:40:257:52:257:52:257:Infinity":15,"b:260:28:260:44:260:44:260:Infinity":16,"b:266:87:266:106:266:106:266:Infinity":17,"b:268:34:268:40:268:40:268:44":18,"b:276:9:276:Infinity:277:10:295:Infinity":19,"b:300:9:300:Infinity:301:10:303:Infinity":20}}}
,"C:\\Users\\Rodrigo\\source\\repos\\ControleGastos\\ControleGastos\\web\\src\\services\\api.ts": {"path":"C:\\Users\\Rodrigo\\source\\repos\\ControleGastos\\ControleGastos\\web\\src\\services\\api.ts","statementMap":{"0":{"start":{"line":4,"column":12},"end":{"line":6,"column":2}}},"fnMap":{},"branchMap":{},"s":{"0":7},"f":{},"b":{},"meta":{"lastBranch":0,"lastFunction":0,"lastStatement":1,"seen":{"s:4:12:6:2":0}}}
}
