{"C:\\Users\\Rodrigo\\source\\repos\\ControleGastos\\ControleGastos\\web\\src\\hooks\\usePagination.ts": {"path":"C:\\Users\\Rodrigo\\source\\repos\\ControleGastos\\ControleGastos\\web\\src\\hooks\\usePagination.ts","statementMap":{"0":{"start":{"line":5,"column":22},"end":{"line":5,"column":51}},"1":{"start":{"line":8,"column":21},"end":{"line":8,"column":59}},"2":{"start":{"line":9,"column":26},"end":{"line":9,"column":null}},"3":{"start":{"line":10,"column":27},"end":{"line":10,"column":null}},"4":{"start":{"line":11,"column":23},"end":{"line":11,"column":69}},"5":{"start":{"line":13,"column":8},"end":{"line":13,"column":79}},"6":{"start":{"line":13,"column":25},"end":{"line":13,"column":79}},"7":{"start":{"line":13,"column":48},"end":{"line":13,"column":78}},"8":{"start":{"line":14,"column":8},"end":{"line":14,"column":70}},"9":{"start":{"line":14,"column":25},"end":{"line":14,"column":70}},"10":{"start":{"line":14,"column":48},"end":{"line":14,"column":69}},"11":{"start":{"line":15,"column":8},"end":{"line":15,"column":39}},"12":{"start":{"line":15,"column":22},"end":{"line":15,"column":39}},"13":{"start":{"line":17,"column":2},"end":{"line":25,"column":null}}},"fnMap":{"0":{"name":"usePagination","decl":{"start":{"line":4,"column":16},"end":{"line":4,"column":33}},"loc":{"start":{"line":4,"column":72},"end":{"line":25,"column":null}},"line":4},"1":{"name":"(anonymous_1)","decl":{"start":{"line":13,"column":8},"end":{"line":13,"column":25}},"loc":{"start":{"line":13,"column":25},"end":{"line":13,"column":79}},"line":13},"2":{"name":"(anonymous_2)","decl":{"start":{"line":13,"column":25},"end":{"line":13,"column":40}},"loc":{"start":{"line":13,"column":48},"end":{"line":13,"column":78}},"line":13},"3":{"name":"(anonymous_3)","decl":{"start":{"line":14,"column":8},"end":{"line":14,"column":25}},"loc":{"start":{"line":14,"column":25},"end":{"line":14,"column":70}},"line":14},"4":{"name":"(anonymous_4)","decl":{"start":{"line":14,"column":25},"end":{"line":14,"column":40}},"loc":{"start":{"line":14,"column":48},"end":{"line":14,"column":69}},"line":14},"5":{"name":"(anonymous_5)","decl":{"start":{"line":15,"column":8},"end":{"line":15,"column":22}},"loc":{"start":{"line":15,"column":22},"end":{"line":15,"column":39}},"line":15}},"branchMap":{"0":{"loc":{"start":{"line":4,"column":45},"end":{"line":4,"column":72}},"type":"default-arg","locations":[{"start":{"line":4,"column":68},"end":{"line":4,"column":72}}],"line":4}},"s":{"0":40,"1":40,"2":40,"3":40,"4":40,"5":40,"6":7,"7":7,"8":40,"9":2,"10":2,"11":40,"12":1,"13":40},"f":{"0":40,"1":7,"2":7,"3":2,"4":2,"5":1},"b":{"0":[40]},"meta":{"lastBranch":1,"lastFunction":6,"lastStatement":14,"seen":{"f:4:16:4:33":0,"b:4:68:4:72":0,"s:5:22:5:51":0,"s:8:21:8:59":1,"s:9:26:9:Infinity":2,"s:10:27:10:Infinity":3,"s:11:23:11:69":4,"s:13:8:13:79":5,"f:13:8:13:25":1,"s:13:25:13:79":6,"f:13:25:13:40":2,"s:13:48:13:78":7,"s:14:8:14:70":8,"f:14:8:14:25":3,"s:14:25:14:70":9,"f:14:25:14:40":4,"s:14:48:14:69":10,"s:15:8:15:39":11,"f:15:8:15:22":5,"s:15:22:15:39":12,"s:17:2:25:Infinity":13}}}
,"C:\\Users\\Rodrigo\\source\\repos\\ControleGastos\\ControleGastos\\web\\src\\pages\\Pessoas.tsx": {"path":"C:\\Users\\Rodrigo\\source\\repos\\ControleGastos\\ControleGastos\\web\\src\\pages\\Pessoas.tsx","statementMap":{"0":{"start":{"line":15,"column":18},"end":{"line":15,"column":54}},"1":{"start":{"line":16,"column":15},"end":{"line":16,"column":38}},"2":{"start":{"line":17,"column":25},"end":{"line":17,"column":58}},"3":{"start":{"line":18,"column":21},"end":{"line":18,"column":53}},"4":{"start":{"line":19,"column":21},"end":{"line":19,"column":67}},"5":{"start":{"line":21,"column":8},"end":{"line":21,"column":32}},"6":{"start":{"line":22,"column":59},"end":{"line":22,"column":98}},"7":{"start":{"line":25,"column":2},"end":{"line":25,"column":null}},"8":{"start":{"line":25,"column":20},"end":{"line":25,"column":42}},"9":{"start":{"line":29,"column":4},"end":{"line":32,"column":null}},"10":{"start":{"line":30,"column":18},"end":{"line":30,"column":43}},"11":{"start":{"line":31,"column":6},"end":{"line":31,"column":null}},"12":{"start":{"line":32,"column":20},"end":{"line":32,"column":null}},"13":{"start":{"line":37,"column":17},"end":{"line":37,"column":27}},"14":{"start":{"line":38,"column":23},"end":{"line":38,"column":37}},"15":{"start":{"line":39,"column":16},"end":{"line":39,"column":61}},"16":{"start":{"line":40,"column":16},"end":{"line":40,"column":55}},"17":{"start":{"line":41,"column":4},"end":{"line":41,"column":null}},"18":{"start":{"line":41,"column":73},"end":{"line":41,"column":null}},"19":{"start":{"line":42,"column":4},"end":{"line":42,"column":null}},"20":{"start":{"line":47,"column":4},"end":{"line":47,"column":null}},"21":{"start":{"line":48,"column":4},"end":{"line":48,"column":null}},"22":{"start":{"line":49,"column":4},"end":{"line":49,"column":null}},"23":{"start":{"line":50,"column":4},"end":{"line":51,"column":null}},"24":{"start":{"line":51,"column":6},"end":{"line":51,"column":null}},"25":{"start":{"line":53,"column":4},"end":{"line":53,"column":null}},"26":{"start":{"line":58,"column":4},"end":{"line":58,"column":null}},"27":{"start":{"line":59,"column":4},"end":{"line":59,"column":null}},"28":{"start":{"line":60,"column":4},"end":{"line":60,"column":null}},"29":{"start":{"line":65,"column":4},"end":{"line":65,"column":null}},"30":{"start":{"line":66,"column":4},"end":{"line":66,"column":null}},"31":{"start":{"line":66,"column":32},"end":{"line":66,"column":null}},"32":{"start":{"line":67,"column":4},"end":{"line":67,"column":null}},"33":{"start":{"line":67,"column":25},"end":{"line":67,"column":null}},"34":{"start":{"line":69,"column":27},"end":{"line":69,"column":56}},"35":{"start":{"line":71,"column":4},"end":{"line":90,"column":null}},"36":{"start":{"line":72,"column":6},"end":{"line":72,"column":null}},"37":{"start":{"line":73,"column":37},"end":{"line":73,"column":90}},"38":{"start":{"line":75,"column":22},"end":{"line":75,"column":null}},"39":{"start":{"line":77,"column":6},"end":{"line":82,"column":null}},"40":{"start":{"line":78,"column":8},"end":{"line":78,"column":null}},"41":{"start":{"line":79,"column":8},"end":{"line":79,"column":null}},"42":{"start":{"line":81,"column":8},"end":{"line":81,"column":null}},"43":{"start":{"line":82,"column":8},"end":{"line":82,"column":null}},"44":{"start":{"line":85,"column":6},"end":{"line":85,"column":null}},"45":{"start":{"line":86,"column":6},"end":{"line":86,"column":null}},"46":{"start":{"line":88,"column":6},"end":{"line":88,"column":null}},"47":{"start":{"line":90,"column":6},"end":{"line":90,"column":null}},"48":{"start":{"line":96,"column":4},"end":{"line":96,"column":null}},"49":{"start":{"line":97,"column":4},"end":{"line":102,"column":null}},"50":{"start":{"line":98,"column":6},"end":{"line":102,"column":null}},"51":{"start":{"line":99,"column":8},"end":{"line":99,"column":null}},"52":{"start":{"line":100,"column":8},"end":{"line":100,"column":null}},"53":{"start":{"line":100,"column":31},"end":{"line":100,"column":null}},"54":{"start":{"line":101,"column":8},"end":{"line":101,"column":null}},"55":{"start":{"line":102,"column":16},"end":{"line":102,"column":null}},"56":{"start":{"line":106,"column":2},"end":{"line":193,"column":null}},"57":{"start":{"line":125,"column":25},"end":{"line":125,"column":48}},"58":{"start":{"line":136,"column":25},"end":{"line":136,"column":58}},"59":{"start":{"line":156,"column":10},"end":{"line":174,"column":null}},"60":{"start":{"line":158,"column":27},"end":{"line":158,"column":65}},"61":{"start":{"line":167,"column":38},"end":{"line":167,"column":58}},"62":{"start":{"line":170,"column":38},"end":{"line":170,"column":54}}},"fnMap":{"0":{"name":"Pessoas","decl":{"start":{"line":14,"column":16},"end":{"line":14,"column":26}},"loc":{"start":{"line":14,"column":26},"end":{"line":193,"column":null}},"line":14},"1":{"name":"(anonymous_1)","decl":{"start":{"line":25,"column":2},"end":{"line":25,"column":18}},"loc":{"start":{"line":25,"column":18},"end":{"line":25,"column":44}},"line":25},"2":{"name":"carregarPessoas","decl":{"start":{"line":28,"column":17},"end":{"line":28,"column":35}},"loc":{"start":{"line":28,"column":35},"end":{"line":32,"column":null}},"line":28},"3":{"name":"calcularIdade","decl":{"start":{"line":36,"column":11},"end":{"line":36,"column":25}},"loc":{"start":{"line":36,"column":47},"end":{"line":42,"column":null}},"line":36},"4":{"name":"prepararEdicao","decl":{"start":{"line":46,"column":11},"end":{"line":46,"column":26}},"loc":{"start":{"line":46,"column":58},"end":{"line":53,"column":null}},"line":46},"5":{"name":"cancelarEdicao","decl":{"start":{"line":57,"column":11},"end":{"line":57,"column":28}},"loc":{"start":{"line":57,"column":28},"end":{"line":60,"column":null}},"line":57},"6":{"name":"salvar","decl":{"start":{"line":64,"column":17},"end":{"line":64,"column":24}},"loc":{"start":{"line":64,"column":44},"end":{"line":90,"column":null}},"line":64},"7":{"name":"excluir","decl":{"start":{"line":95,"column":17},"end":{"line":95,"column":25}},"loc":{"start":{"line":95,"column":58},"end":{"line":102,"column":null}},"line":95},"8":{"name":"(anonymous_8)","decl":{"start":{"line":125,"column":10},"end":{"line":125,"column":20}},"loc":{"start":{"line":125,"column":25},"end":{"line":125,"column":48}},"line":125},"9":{"name":"(anonymous_9)","decl":{"start":{"line":136,"column":10},"end":{"line":136,"column":20}},"loc":{"start":{"line":136,"column":25},"end":{"line":136,"column":58}},"line":136},"10":{"name":"(anonymous_10)","decl":{"start":{"line":155,"column":22},"end":{"line":155,"column":26}},"loc":{"start":{"line":156,"column":10},"end":{"line":174,"column":null}},"line":156},"11":{"name":"(anonymous_11)","decl":{"start":{"line":158,"column":12},"end":{"line":158,"column":27}},"loc":{"start":{"line":158,"column":27},"end":{"line":158,"column":65}},"line":158},"12":{"name":"(anonymous_12)","decl":{"start":{"line":167,"column":22},"end":{"line":167,"column":32}},"loc":{"start":{"line":167,"column":38},"end":{"line":167,"column":58}},"line":167},"13":{"name":"(anonymous_13)","decl":{"start":{"line":170,"column":22},"end":{"line":170,"column":32}},"loc":{"start":{"line":170,"column":38},"end":{"line":170,"column":54}},"line":170}},"branchMap":{"0":{"loc":{"start":{"line":31,"column":17},"end":{"line":31,"column":31}},"type":"binary-expr","locations":[{"start":{"line":31,"column":17},"end":{"line":31,"column":29}},{"start":{"line":31,"column":29},"end":{"line":31,"column":31}}],"line":31},"1":{"loc":{"start":{"line":41,"column":4},"end":{"line":41,"column":null}},"type":"if","locations":[{"start":{"line":41,"column":4},"end":{"line":41,"column":null}},{"start":{},"end":{}}],"line":41},"2":{"loc":{"start":{"line":41,"column":8},"end":{"line":41,"column":70}},"type":"binary-expr","locations":[{"start":{"line":41,"column":8},"end":{"line":41,"column":20}},{"start":{"line":41,"column":20},"end":{"line":41,"column":33}},{"start":{"line":41,"column":33},"end":{"line":41,"column":70}}],"line":41},"3":{"loc":{"start":{"line":50,"column":4},"end":{"line":51,"column":null}},"type":"if","locations":[{"start":{"line":50,"column":4},"end":{"line":51,"column":null}},{"start":{},"end":{}}],"line":50},"4":{"loc":{"start":{"line":66,"column":4},"end":{"line":66,"column":null}},"type":"if","locations":[{"start":{"line":66,"column":4},"end":{"line":66,"column":null}},{"start":{},"end":{}}],"line":66},"5":{"loc":{"start":{"line":67,"column":4},"end":{"line":67,"column":null}},"type":"if","locations":[{"start":{"line":67,"column":4},"end":{"line":67,"column":null}},{"start":{},"end":{}}],"line":67},"6":{"loc":{"start":{"line":77,"column":6},"end":{"line":82,"column":null}},"type":"if","locations":[{"start":{"line":77,"column":6},"end":{"line":82,"column":null}},{"start":{"line":80,"column":13},"end":{"line":82,"column":null}}],"line":77},"7":{"loc":{"start":{"line":97,"column":4},"end":{"line":102,"column":null}},"type":"if","locations":[{"start":{"line":97,"column":4},"end":{"line":102,"column":null}},{"start":{},"end":{}}],"line":97},"8":{"loc":{"start":{"line":100,"column":8},"end":{"line":100,"column":null}},"type":"if","locations":[{"start":{"line":100,"column":8},"end":{"line":100,"column":null}},{"start":{},"end":{}}],"line":100},"9":{"loc":{"start":{"line":110,"column":11},"end":{"line":110,"column":null}},"type":"cond-expr","locations":[{"start":{"line":110,"column":24},"end":{"line":110,"column":44}},{"start":{"line":110,"column":44},"end":{"line":110,"column":null}}],"line":110},"10":{"loc":{"start":{"line":113,"column":11},"end":{"line":113,"column":null}},"type":"cond-expr","locations":[{"start":{"line":113,"column":24},"end":{"line":113,"column":55}},{"start":{"line":113,"column":55},"end":{"line":113,"column":null}}],"line":113},"11":{"loc":{"start":{"line":118,"column":103},"end":{"line":118,"column":159}},"type":"cond-expr","locations":[{"start":{"line":118,"column":116},"end":{"line":118,"column":138}},{"start":{"line":118,"column":138},"end":{"line":118,"column":159}}],"line":118},"12":{"loc":{"start":{"line":142,"column":11},"end":{"line":147,"column":11}},"type":"binary-expr","locations":[{"start":{"line":142,"column":11},"end":{"line":142,"column":null}},{"start":{"line":143,"column":12},"end":{"line":147,"column":11}}],"line":142},"13":{"loc":{"start":{"line":147,"column":54},"end":{"line":147,"column":137}},"type":"cond-expr","locations":[{"start":{"line":147,"column":67},"end":{"line":147,"column":105}},{"start":{"line":147,"column":105},"end":{"line":147,"column":137}}],"line":147},"14":{"loc":{"start":{"line":148,"column":13},"end":{"line":148,"column":null}},"type":"cond-expr","locations":[{"start":{"line":148,"column":26},"end":{"line":148,"column":34}},{"start":{"line":148,"column":34},"end":{"line":148,"column":null}}],"line":148},"15":{"loc":{"start":{"line":148,"column":34},"end":{"line":148,"column":null}},"type":"cond-expr","locations":[{"start":{"line":148,"column":47},"end":{"line":148,"column":68}},{"start":{"line":148,"column":68},"end":{"line":148,"column":null}}],"line":148},"16":{"loc":{"start":{"line":159,"column":140},"end":{"line":159,"column":null}},"type":"cond-expr","locations":[{"start":{"line":159,"column":162},"end":{"line":159,"column":197}},{"start":{"line":159,"column":197},"end":{"line":159,"column":null}}],"line":159},"17":{"loc":{"start":{"line":179,"column":7},"end":{"line":184,"column":null}},"type":"binary-expr","locations":[{"start":{"line":179,"column":7},"end":{"line":179,"column":null}},{"start":{"line":180,"column":8},"end":{"line":184,"column":null}}],"line":179},"18":{"loc":{"start":{"line":190,"column":7},"end":{"line":193,"column":null}},"type":"binary-expr","locations":[{"start":{"line":190,"column":7},"end":{"line":190,"column":null}},{"start":{"line":191,"column":8},"end":{"line":193,"column":null}}],"line":190}},"s":{"0":30,"1":30,"2":30,"3":30,"4":30,"5":30,"6":30,"7":30,"8":5,"9":7,"10":7,"11":7,"12":0,"13":1,"14":1,"15":1,"16":1,"17":1,"18":1,"19":1,"20":1,"21":1,"22":1,"23":1,"24":1,"25":1,"26":1,"27":1,"28":1,"29":2,"30":2,"31":1,"32":1,"33":0,"34":1,"35":1,"36":1,"37":1,"38":1,"39":1,"40":0,"41":0,"42":1,"43":1,"44":1,"45":1,"46":0,"47":1,"48":1,"49":1,"50":1,"51":1,"52":1,"53":0,"54":1,"55":0,"56":30,"57":14,"58":2,"59":4,"60":0,"61":1,"62":1},"f":{"0":30,"1":5,"2":7,"3":1,"4":1,"5":1,"6":2,"7":1,"8":14,"9":2,"10":4,"11":0,"12":1,"13":1},"b":{"0":[7,0],"1":[1,0],"2":[1,0,0],"3":[1,0],"4":[1,1],"5":[0,1],"6":[0,1],"7":[1,0],"8":[0,1],"9":[1,29],"10":[1,29],"11":[1,29],"12":[30,1],"13":[1,29],"14":[1,29],"15":[1,28],"16":[1,3],"17":[30,0],"18":[30,26]},"meta":{"lastBranch":19,"lastFunction":14,"lastStatement":63,"seen":{"f:14:16:14:26":0,"s:15:18:15:54":0,"s:16:15:16:38":1,"s:17:25:17:58":2,"s:18:21:18:53":3,"s:19:21:19:67":4,"s:21:8:21:32":5,"s:22:59:22:98":6,"s:25:2:25:Infinity":7,"f:25:2:25:18":1,"s:25:20:25:42":8,"f:28:17:28:35":2,"s:29:4:32:Infinity":9,"s:30:18:30:43":10,"s:31:6:31:Infinity":11,"b:31:17:31:29:31:29:31:31":0,"s:32:20:32:Infinity":12,"f:36:11:36:25":3,"s:37:17:37:27":13,"s:38:23:38:37":14,"s:39:16:39:61":15,"s:40:16:40:55":16,"b:41:4:41:Infinity:undefined:undefined:undefined:undefined":1,"s:41:4:41:Infinity":17,"b:41:8:41:20:41:20:41:33:41:33:41:70":2,"s:41:73:41:Infinity":18,"s:42:4:42:Infinity":19,"f:46:11:46:26":4,"s:47:4:47:Infinity":20,"s:48:4:48:Infinity":21,"s:49:4:49:Infinity":22,"b:50:4:51:Infinity:undefined:undefined:undefined:undefined":3,"s:50:4:51:Infinity":23,"s:51:6:51:Infinity":24,"s:53:4:53:Infinity":25,"f:57:11:57:28":5,"s:58:4:58:Infinity":26,"s:59:4:59:Infinity":27,"s:60:4:60:Infinity":28,"f:64:17:64:24":6,"s:65:4:65:Infinity":29,"b:66:4:66:Infinity:undefined:undefined:undefined:undefined":4,"s:66:4:66:Infinity":30,"s:66:32:66:Infinity":31,"b:67:4:67:Infinity:undefined:undefined:undefined:undefined":5,"s:67:4:67:Infinity":32,"s:67:25:67:Infinity":33,"s:69:27:69:56":34,"s:71:4:90:Infinity":35,"s:72:6:72:Infinity":36,"s:73:37:73:90":37,"s:75:22:75:Infinity":38,"b:77:6:82:Infinity:80:13:82:Infinity":6,"s:77:6:82:Infinity":39,"s:78:8:78:Infinity":40,"s:79:8:79:Infinity":41,"s:81:8:81:Infinity":42,"s:82:8:82:Infinity":43,"s:85:6:85:Infinity":44,"s:86:6:86:Infinity":45,"s:88:6:88:Infinity":46,"s:90:6:90:Infinity":47,"f:95:17:95:25":7,"s:96:4:96:Infinity":48,"b:97:4:102:Infinity:undefined:undefined:undefined:undefined":7,"s:97:4:102:Infinity":49,"s:98:6:102:Infinity":50,"s:99:8:99:Infinity":51,"b:100:8:100:Infinity:undefined:undefined:undefined:undefined":8,"s:100:8:100:Infinity":52,"s:100:31:100:Infinity":53,"s:101:8:101:Infinity":54,"s:102:16:102:Infinity":55,"s:106:2:193:Infinity":56,"b:110:24:110:44:110:44:110:Infinity":9,"b:113:24:113:55:113:55:113:Infinity":10,"b:118:116:118:138:118:138:118:159":11,"f:125:10:125:20":8,"s:125:25:125:48":57,"f:136:10:136:20":9,"s:136:25:136:58":58,"b:142:11:142:Infinity:143:12:147:11":12,"b:147:67:147:105:147:105:147:137":13,"b:148:26:148:34:148:34:148:Infinity":14,"b:148:47:148:68:148:68:148:Infinity":15,"f:155:22:155:26":10,"s:156:10:174:Infinity":59,"f:158:12:158:27":11,"s:158:27:158:65":60,"b:159:162:159:197:159:197:159:Infinity":16,"f:167:22:167:32":12,"s:167:38:167:58":61,"f:170:22:170:32":13,"s:170:38:170:54":62,"b:179:7:179:Infinity:180:8:184:Infinity":17,"b:190:7:190:Infinity:191:8:193:Infinity":18}}}
,"C:\\Users\\Rodrigo\\source\\repos\\ControleGastos\\ControleGastos\\web\\src\\services\\api.ts": {"path":"C:\\Users\\Rodrigo\\source\\repos\\ControleGastos\\ControleGastos\\web\\src\\services\\api.ts","statementMap":{"0":{"start":{"line":4,"column":12},"end":{"line":6,"column":2}}},"fnMap":{},"branchMap":{},"s":{"0":1},"f":{},"b":{},"meta":{"lastBranch":0,"lastFunction":0,"lastStatement":1,"seen":{"s:4:12:6:2":0}}}
}
